  [1m[35m (989.5ms)[0m  [1m[35mCREATE DATABASE "todos_development" ENCODING = 'unicode'[0m
  ↳ bin/rails:9
  [1m[35m (461.2ms)[0m  [1m[35mCREATE DATABASE "todos_test" ENCODING = 'unicode'[0m
  ↳ bin/rails:9
  [1m[35m (85.0ms)[0m  [1m[35mCREATE TABLE "schema_migrations" ("version" character varying NOT NULL PRIMARY KEY)[0m
  ↳ bin/rails:9
  [1m[35m (3.0ms)[0m  [1m[35mCREATE TABLE "ar_internal_metadata" ("key" character varying NOT NULL PRIMARY KEY, "value" character varying, "created_at" timestamp NOT NULL, "updated_at" timestamp NOT NULL)[0m
  ↳ bin/rails:9
  [1m[35m (1.0ms)[0m  [1m[34mSELECT pg_try_advisory_lock(5286629289131009610)[0m
  ↳ bin/rails:9
  [1m[35m (0.9ms)[0m  [1m[34mSELECT "schema_migrations"."version" FROM "schema_migrations" ORDER BY "schema_migrations"."version" ASC[0m
  ↳ bin/rails:9
Migrating to CreateTodos (20220609164119)
  [1m[35m (0.3ms)[0m  [1m[35mBEGIN[0m
  ↳ bin/rails:9
  [1m[35m (30.2ms)[0m  [1m[35mCREATE TABLE "todos" ("id" bigserial primary key, "title" character varying NOT NULL, "body" character varying NOT NULL, "done" boolean NOT NULL, "created_at" timestamp NOT NULL, "updated_at" timestamp NOT NULL)[0m
  ↳ db/migrate/20220609164119_create_todos.rb:3
  [1m[36mActiveRecord::SchemaMigration Create (50.0ms)[0m  [1m[32mINSERT INTO "schema_migrations" ("version") VALUES ($1) RETURNING "version"[0m  [["version", "20220609164119"]]
  ↳ bin/rails:9
  [1m[35m (0.4ms)[0m  [1m[35mCOMMIT[0m
  ↳ bin/rails:9
  [1m[36mActiveRecord::InternalMetadata Load (0.2ms)[0m  [1m[34mSELECT  "ar_internal_metadata".* FROM "ar_internal_metadata" WHERE "ar_internal_metadata"."key" = $1 LIMIT $2[0m  [["key", "environment"], ["LIMIT", 1]]
  ↳ bin/rails:9
  [1m[35m (0.3ms)[0m  [1m[35mBEGIN[0m
  ↳ bin/rails:9
  [1m[36mActiveRecord::InternalMetadata Create (0.9ms)[0m  [1m[32mINSERT INTO "ar_internal_metadata" ("key", "value", "created_at", "updated_at") VALUES ($1, $2, $3, $4) RETURNING "key"[0m  [["key", "environment"], ["value", "development"], ["created_at", "2022-06-09 16:45:08.736021"], ["updated_at", "2022-06-09 16:45:08.736021"]]
  ↳ bin/rails:9
  [1m[35m (0.3ms)[0m  [1m[35mCOMMIT[0m
  ↳ bin/rails:9
  [1m[35m (0.1ms)[0m  [1m[34mSELECT pg_advisory_unlock(5286629289131009610)[0m
  ↳ bin/rails:9
  [1m[35m (0.9ms)[0m  [1m[34mSELECT "schema_migrations"."version" FROM "schema_migrations" ORDER BY "schema_migrations"."version" ASC[0m
  ↳ bin/rails:9
  [1m[36mTodo Load (0.7ms)[0m  [1m[34mSELECT "todos".* FROM "todos"[0m
Started GET "/users" for ::1 at 2022-06-09 12:52:49 -0400
  [1m[35m (0.9ms)[0m  [1m[34mSELECT "schema_migrations"."version" FROM "schema_migrations" ORDER BY "schema_migrations"."version" ASC[0m
  ↳ /Users/mc/.rbenv/versions/2.5.1/lib/ruby/gems/2.5.0/gems/activerecord-5.2.8/lib/active_record/log_subscriber.rb:98
  
ActionController::RoutingError (No route matches [GET] "/users"):
  
actionpack (5.2.8) lib/action_dispatch/middleware/debug_exceptions.rb:65:in `call'
web-console (3.7.0) lib/web_console/middleware.rb:135:in `call_app'
web-console (3.7.0) lib/web_console/middleware.rb:30:in `block in call'
web-console (3.7.0) lib/web_console/middleware.rb:20:in `catch'
web-console (3.7.0) lib/web_console/middleware.rb:20:in `call'
actionpack (5.2.8) lib/action_dispatch/middleware/show_exceptions.rb:33:in `call'
railties (5.2.8) lib/rails/rack/logger.rb:38:in `call_app'
railties (5.2.8) lib/rails/rack/logger.rb:26:in `block in call'
activesupport (5.2.8) lib/active_support/tagged_logging.rb:71:in `block in tagged'
activesupport (5.2.8) lib/active_support/tagged_logging.rb:28:in `tagged'
activesupport (5.2.8) lib/active_support/tagged_logging.rb:71:in `tagged'
railties (5.2.8) lib/rails/rack/logger.rb:26:in `call'
sprockets-rails (3.4.2) lib/sprockets/rails/quiet_assets.rb:13:in `call'
actionpack (5.2.8) lib/action_dispatch/middleware/remote_ip.rb:81:in `call'
actionpack (5.2.8) lib/action_dispatch/middleware/request_id.rb:27:in `call'
rack (2.2.3.1) lib/rack/method_override.rb:24:in `call'
rack (2.2.3.1) lib/rack/runtime.rb:22:in `call'
activesupport (5.2.8) lib/active_support/cache/strategy/local_cache_middleware.rb:29:in `call'
actionpack (5.2.8) lib/action_dispatch/middleware/executor.rb:14:in `call'
actionpack (5.2.8) lib/action_dispatch/middleware/static.rb:127:in `call'
rack (2.2.3.1) lib/rack/sendfile.rb:110:in `call'
railties (5.2.8) lib/rails/engine.rb:524:in `call'
puma (3.12.6) lib/puma/configuration.rb:227:in `call'
puma (3.12.6) lib/puma/server.rb:706:in `handle_request'
puma (3.12.6) lib/puma/server.rb:476:in `process_client'
puma (3.12.6) lib/puma/server.rb:334:in `block in run'
puma (3.12.6) lib/puma/thread_pool.rb:135:in `block in spawn_thread'
Started GET "/" for ::1 at 2022-06-09 12:52:51 -0400

ActionController::RoutingError - uninitialized constant StaticPagesController:

Started POST "/__better_errors/f493e674a7b5d5b8/variables" for ::1 at 2022-06-09 12:52:52 -0400
Started GET "/" for ::1 at 2022-06-09 12:55:01 -0400
  [1m[35m (0.5ms)[0m  [1m[34mSELECT "schema_migrations"."version" FROM "schema_migrations" ORDER BY "schema_migrations"."version" ASC[0m
  ↳ /Users/mc/.rbenv/versions/2.5.1/lib/ruby/gems/2.5.0/gems/activerecord-5.2.8/lib/active_record/log_subscriber.rb:98
Processing by StaticPagesController#root as HTML
  Rendering static_pages/root.html.erb within layouts/application
  Rendered static_pages/root.html.erb within layouts/application (1.5ms)
Completed 200 OK in 2872ms (Views: 2871.4ms | ActiveRecord: 0.0ms)


Started GET "/" for ::1 at 2022-06-09 13:06:43 -0400
  [1m[35m (1.0ms)[0m  [1m[34mSELECT "schema_migrations"."version" FROM "schema_migrations" ORDER BY "schema_migrations"."version" ASC[0m
  ↳ /Users/mc/.rbenv/versions/2.5.1/lib/ruby/gems/2.5.0/gems/activerecord-5.2.8/lib/active_record/log_subscriber.rb:98
Processing by StaticPagesController#root as HTML
  Rendering static_pages/root.html.erb within layouts/application
  Rendered static_pages/root.html.erb within layouts/application (2.2ms)
Completed 200 OK in 995ms (Views: 992.6ms | ActiveRecord: 0.0ms)


Started GET "/api/todos" for ::1 at 2022-06-09 13:06:52 -0400
Processing by Api::TodosController#index as JSON
No template found for Api::TodosController#index, rendering head :no_content
Completed 204 No Content in 129ms (ActiveRecord: 0.0ms)


Started GET "/" for ::1 at 2022-06-09 13:47:58 -0400
Processing by StaticPagesController#root as HTML
  Rendering static_pages/root.html.erb within layouts/application
  Rendered static_pages/root.html.erb within layouts/application (2.6ms)
Completed 200 OK in 352ms (Views: 220.0ms | ActiveRecord: 0.0ms)


Started GET "/?_=1654796879729" for ::1 at 2022-06-09 13:51:05 -0400
Processing by StaticPagesController#root as JS
  Parameters: {"_"=>"1654796879729"}
  Rendering static_pages/root.html.erb within layouts/application
  Rendered static_pages/root.html.erb within layouts/application (2.7ms)
Completed 200 OK in 118ms (Views: 116.7ms | ActiveRecord: 0.0ms)


  [1m[35m (21.4ms)[0m  [1m[35mBEGIN[0m
  [1m[36mTodo Create (109.7ms)[0m  [1m[32mINSERT INTO "todos" ("title", "body", "done", "created_at", "updated_at") VALUES ($1, $2, $3, $4, $5) RETURNING "id"[0m  [["title", "test"], ["body", "testing"], ["done", false], ["created_at", "2022-06-09 18:17:31.577787"], ["updated_at", "2022-06-09 18:17:31.577787"]]
  [1m[35m (40.8ms)[0m  [1m[35mCOMMIT[0m
Started GET "/" for ::1 at 2022-06-09 14:46:29 -0400
  [1m[35m (7.2ms)[0m  [1m[34mSELECT "schema_migrations"."version" FROM "schema_migrations" ORDER BY "schema_migrations"."version" ASC[0m
  ↳ /Users/mc/.rbenv/versions/2.5.1/lib/ruby/gems/2.5.0/gems/activerecord-5.2.8/lib/active_record/log_subscriber.rb:98
Processing by StaticPagesController#root as HTML
  Rendering static_pages/root.html.erb within layouts/application
  Rendered static_pages/root.html.erb within layouts/application (5.5ms)
Completed 200 OK in 951ms (Views: 950.4ms | ActiveRecord: 0.0ms)


Started GET "/" for ::1 at 2022-06-09 14:48:05 -0400
  [1m[35m (1.0ms)[0m  [1m[34mSELECT "schema_migrations"."version" FROM "schema_migrations" ORDER BY "schema_migrations"."version" ASC[0m
  ↳ /Users/mc/.rbenv/versions/2.5.1/lib/ruby/gems/2.5.0/gems/activerecord-5.2.8/lib/active_record/log_subscriber.rb:98
Processing by StaticPagesController#root as HTML
  Rendering static_pages/root.html.erb within layouts/application
  Rendered static_pages/root.html.erb within layouts/application (1.5ms)
Completed 200 OK in 905ms (Views: 905.1ms | ActiveRecord: 0.0ms)


Started GET "/" for ::1 at 2022-06-09 14:52:56 -0400
  [1m[35m (0.5ms)[0m  [1m[34mSELECT "schema_migrations"."version" FROM "schema_migrations" ORDER BY "schema_migrations"."version" ASC[0m
  ↳ /Users/mc/.rbenv/versions/2.5.1/lib/ruby/gems/2.5.0/gems/activerecord-5.2.8/lib/active_record/log_subscriber.rb:98
Processing by StaticPagesController#root as HTML
  Rendering static_pages/root.html.erb within layouts/application
  Rendered static_pages/root.html.erb within layouts/application (6.7ms)
Completed 200 OK in 967ms (Views: 966.3ms | ActiveRecord: 0.0ms)


Started GET "/" for ::1 at 2022-06-09 14:53:17 -0400
Processing by StaticPagesController#root as HTML
  Rendering static_pages/root.html.erb within layouts/application
  Rendered static_pages/root.html.erb within layouts/application (0.2ms)
Completed 200 OK in 37ms (Views: 36.2ms | ActiveRecord: 0.0ms)


Started GET "/" for ::1 at 2022-06-09 14:53:58 -0400
Processing by StaticPagesController#root as HTML
  Rendering static_pages/root.html.erb within layouts/application
  Rendered static_pages/root.html.erb within layouts/application (0.4ms)
Completed 200 OK in 34ms (Views: 33.6ms | ActiveRecord: 0.0ms)


Started GET "/" for ::1 at 2022-06-09 14:55:55 -0400
  [1m[35m (0.5ms)[0m  [1m[34mSELECT "schema_migrations"."version" FROM "schema_migrations" ORDER BY "schema_migrations"."version" ASC[0m
  ↳ /Users/mc/.rbenv/versions/2.5.1/lib/ruby/gems/2.5.0/gems/activerecord-5.2.8/lib/active_record/log_subscriber.rb:98
Processing by StaticPagesController#root as HTML
  Rendering static_pages/root.html.erb within layouts/application
  Rendered static_pages/root.html.erb within layouts/application (1.3ms)
Completed 200 OK in 929ms (Views: 929.1ms | ActiveRecord: 0.0ms)


Started GET "/" for ::1 at 2022-06-09 14:59:16 -0400
  [1m[35m (1.1ms)[0m  [1m[34mSELECT "schema_migrations"."version" FROM "schema_migrations" ORDER BY "schema_migrations"."version" ASC[0m
  ↳ /Users/mc/.rbenv/versions/2.5.1/lib/ruby/gems/2.5.0/gems/activerecord-5.2.8/lib/active_record/log_subscriber.rb:98
Processing by StaticPagesController#root as HTML
  Rendering static_pages/root.html.erb within layouts/application
  Rendered static_pages/root.html.erb within layouts/application (1.4ms)
Completed 200 OK in 1362ms (Views: 1362.1ms | ActiveRecord: 0.0ms)


Started GET "/" for ::1 at 2022-06-09 15:09:53 -0400
Processing by StaticPagesController#root as HTML
  Rendering static_pages/root.html.erb within layouts/application
  Rendered static_pages/root.html.erb within layouts/application (2.1ms)
Completed 200 OK in 102ms (Views: 100.5ms | ActiveRecord: 0.0ms)


Started GET "/" for ::1 at 2022-06-09 15:12:26 -0400
Processing by StaticPagesController#root as HTML
  Rendering static_pages/root.html.erb within layouts/application
  Rendered static_pages/root.html.erb within layouts/application (2.0ms)
Completed 200 OK in 210ms (Views: 209.0ms | ActiveRecord: 0.0ms)


Started GET "/" for ::1 at 2022-06-09 15:15:28 -0400
  [1m[35m (1.6ms)[0m  [1m[34mSELECT "schema_migrations"."version" FROM "schema_migrations" ORDER BY "schema_migrations"."version" ASC[0m
  ↳ /Users/mc/.rbenv/versions/2.5.1/lib/ruby/gems/2.5.0/gems/activerecord-5.2.8/lib/active_record/log_subscriber.rb:98
Processing by StaticPagesController#root as HTML
  Rendering static_pages/root.html.erb within layouts/application
  Rendered static_pages/root.html.erb within layouts/application (1.2ms)
Completed 200 OK in 1330ms (Views: 1329.7ms | ActiveRecord: 0.0ms)


Started GET "/" for ::1 at 2022-06-09 15:16:43 -0400
Processing by StaticPagesController#root as HTML
  Rendering static_pages/root.html.erb within layouts/application
  Rendered static_pages/root.html.erb within layouts/application (0.3ms)
Completed 200 OK in 42ms (Views: 42.0ms | ActiveRecord: 0.0ms)


Started GET "/" for ::1 at 2022-06-09 15:17:20 -0400
Processing by StaticPagesController#root as HTML
  Rendering static_pages/root.html.erb within layouts/application
  Rendered static_pages/root.html.erb within layouts/application (0.3ms)
Completed 200 OK in 66ms (Views: 66.2ms | ActiveRecord: 0.0ms)


Started GET "/" for ::1 at 2022-06-09 15:19:42 -0400
  [1m[35m (1.7ms)[0m  [1m[34mSELECT "schema_migrations"."version" FROM "schema_migrations" ORDER BY "schema_migrations"."version" ASC[0m
  ↳ /Users/mc/.rbenv/versions/2.5.1/lib/ruby/gems/2.5.0/gems/activerecord-5.2.8/lib/active_record/log_subscriber.rb:98
Processing by StaticPagesController#root as HTML
  Rendering static_pages/root.html.erb within layouts/application
  Rendered static_pages/root.html.erb within layouts/application (5.9ms)
Completed 200 OK in 1990ms (Views: 1985.9ms | ActiveRecord: 0.0ms)


  
ActionController::RoutingError (No route matches [GET] "/assets/bundle.js-ad5f06e4f27396a595ee9c28e95260cf0c91b2f3e589035d3d1724fe1e247dc9.map"):
  
actionpack (5.2.8) lib/action_dispatch/middleware/debug_exceptions.rb:65:in `call'
web-console (3.7.0) lib/web_console/middleware.rb:135:in `call_app'
web-console (3.7.0) lib/web_console/middleware.rb:30:in `block in call'
web-console (3.7.0) lib/web_console/middleware.rb:20:in `catch'
web-console (3.7.0) lib/web_console/middleware.rb:20:in `call'
actionpack (5.2.8) lib/action_dispatch/middleware/show_exceptions.rb:33:in `call'
railties (5.2.8) lib/rails/rack/logger.rb:38:in `call_app'
railties (5.2.8) lib/rails/rack/logger.rb:26:in `block in call'
activesupport (5.2.8) lib/active_support/tagged_logging.rb:71:in `block in tagged'
activesupport (5.2.8) lib/active_support/tagged_logging.rb:28:in `tagged'
activesupport (5.2.8) lib/active_support/tagged_logging.rb:71:in `tagged'
railties (5.2.8) lib/rails/rack/logger.rb:26:in `call'
sprockets-rails (3.4.2) lib/sprockets/rails/quiet_assets.rb:11:in `block in call'
activesupport (5.2.8) lib/active_support/logger_silence.rb:21:in `silence'
activesupport (5.2.8) lib/active_support/logger.rb:65:in `block (3 levels) in broadcast'
activesupport (5.2.8) lib/active_support/logger_silence.rb:21:in `silence'
activesupport (5.2.8) lib/active_support/logger.rb:63:in `block (2 levels) in broadcast'
sprockets-rails (3.4.2) lib/sprockets/rails/quiet_assets.rb:11:in `call'
actionpack (5.2.8) lib/action_dispatch/middleware/remote_ip.rb:81:in `call'
actionpack (5.2.8) lib/action_dispatch/middleware/request_id.rb:27:in `call'
rack (2.2.3.1) lib/rack/method_override.rb:24:in `call'
rack (2.2.3.1) lib/rack/runtime.rb:22:in `call'
activesupport (5.2.8) lib/active_support/cache/strategy/local_cache_middleware.rb:29:in `call'
actionpack (5.2.8) lib/action_dispatch/middleware/executor.rb:14:in `call'
actionpack (5.2.8) lib/action_dispatch/middleware/static.rb:127:in `call'
rack (2.2.3.1) lib/rack/sendfile.rb:110:in `call'
railties (5.2.8) lib/rails/engine.rb:524:in `call'
puma (3.12.6) lib/puma/configuration.rb:227:in `call'
puma (3.12.6) lib/puma/server.rb:706:in `handle_request'
puma (3.12.6) lib/puma/server.rb:476:in `process_client'
puma (3.12.6) lib/puma/server.rb:334:in `block in run'
puma (3.12.6) lib/puma/thread_pool.rb:135:in `block in spawn_thread'
Started GET "/api/todos" for ::1 at 2022-06-09 15:48:13 -0400
Processing by Api::TodosController#index as JSON
No template found for Api::TodosController#index, rendering head :no_content
Completed 204 No Content in 197ms (ActiveRecord: 0.0ms)


Started GET "/api/todos" for ::1 at 2022-06-09 15:50:37 -0400
Processing by Api::TodosController#index as JSON
No template found for Api::TodosController#index, rendering head :no_content
Completed 204 No Content in 324ms (ActiveRecord: 0.0ms)


Started GET "/api/todos" for ::1 at 2022-06-09 16:01:19 -0400
Processing by Api::TodosController#index as JSON
No template found for Api::TodosController#index, rendering head :no_content
Completed 204 No Content in 408ms (ActiveRecord: 0.0ms)


Started GET "/api/todos" for ::1 at 2022-06-09 16:10:23 -0400
  [1m[35m (1.6ms)[0m  [1m[34mSELECT "schema_migrations"."version" FROM "schema_migrations" ORDER BY "schema_migrations"."version" ASC[0m
  ↳ /Users/mc/.rbenv/versions/2.5.1/lib/ruby/gems/2.5.0/gems/activerecord-5.2.8/lib/active_record/log_subscriber.rb:98
Processing by Api::TodosController#index as JSON
No template found for Api::TodosController#index, rendering head :no_content
Completed 204 No Content in 150ms (ActiveRecord: 0.0ms)


Started GET "/api/todos" for ::1 at 2022-06-09 16:10:27 -0400
Processing by Api::TodosController#index as JSON
No template found for Api::TodosController#index, rendering head :no_content
Completed 204 No Content in 190ms (ActiveRecord: 0.0ms)


Started GET "/api/todos" for ::1 at 2022-06-09 16:12:50 -0400
Processing by Api::TodosController#index as JSON
No template found for Api::TodosController#index, rendering head :no_content
Completed 204 No Content in 612ms (ActiveRecord: 0.0ms)


Started GET "/api/todos" for ::1 at 2022-06-09 16:12:52 -0400
Processing by Api::TodosController#index as JSON
No template found for Api::TodosController#index, rendering head :no_content
Completed 204 No Content in 170ms (ActiveRecord: 0.0ms)


Started GET "/" for ::1 at 2022-06-09 16:12:55 -0400
Processing by StaticPagesController#root as HTML
  Rendering static_pages/root.html.erb within layouts/application
  Rendered static_pages/root.html.erb within layouts/application (147.9ms)
Completed 200 OK in 3327ms (Views: 3326.4ms | ActiveRecord: 0.0ms)


Started GET "/" for ::1 at 2022-06-09 16:21:17 -0400
Processing by StaticPagesController#root as HTML
  Rendering static_pages/root.html.erb within layouts/application
  Rendered static_pages/root.html.erb within layouts/application (1.8ms)
Completed 200 OK in 1362ms (Views: 1361.3ms | ActiveRecord: 0.0ms)


  [1m[36mTodo Load (10.7ms)[0m  [1m[34mSELECT "todos".* FROM "todos"[0m
  [1m[36mTodo Load (1.1ms)[0m  [1m[34mSELECT "todos".* FROM "todos"[0m
Started GET "/api/todos" for ::1 at 2022-06-09 16:53:51 -0400
Processing by Api::TodosController#index as JSON
  [1m[36mTodo Load (1.4ms)[0m  [1m[34mSELECT "todos".* FROM "todos"[0m
  ↳ app/controllers/api/todos_controller.rb:8
Completed 200 OK in 99ms (Views: 53.5ms | ActiveRecord: 27.9ms)


Started GET "/api/todos" for ::1 at 2022-06-09 16:55:34 -0400
Processing by Api::TodosController#index as JSON
  [1m[36mTodo Load (4.0ms)[0m  [1m[34mSELECT "todos".* FROM "todos"[0m
  ↳ app/controllers/api/todos_controller.rb:8
Completed 200 OK in 15ms (Views: 9.5ms | ActiveRecord: 4.0ms)


Started GET "/" for ::1 at 2022-06-09 17:02:04 -0400
Processing by StaticPagesController#root as HTML
  Rendering static_pages/root.html.erb within layouts/application
  Rendered static_pages/root.html.erb within layouts/application (2.9ms)
Completed 200 OK in 1853ms (Views: 1851.7ms | ActiveRecord: 0.0ms)


  [1m[36mTodo Load (1.3ms)[0m  [1m[34mSELECT "todos".* FROM "todos"[0m
  [1m[36mTodo Load (7.7ms)[0m  [1m[34mSELECT "todos".* FROM "todos"[0m
Started GET "/api/todos" for ::1 at 2022-06-09 17:06:13 -0400
  [1m[35m (8.6ms)[0m  [1m[34mSELECT "schema_migrations"."version" FROM "schema_migrations" ORDER BY "schema_migrations"."version" ASC[0m
  ↳ /Users/mc/.rbenv/versions/2.5.1/lib/ruby/gems/2.5.0/gems/activerecord-5.2.8/lib/active_record/log_subscriber.rb:98
Processing by Api::TodosController#index as JSON
  [1m[36mTodo Load (0.8ms)[0m  [1m[34mSELECT "todos".* FROM "todos"[0m
  ↳ app/controllers/api/todos_controller.rb:8
Completed 200 OK in 39ms (Views: 9.3ms | ActiveRecord: 26.7ms)


Started GET "/" for ::1 at 2022-06-09 17:14:36 -0400
Processing by StaticPagesController#root as HTML
  Rendering static_pages/root.html.erb within layouts/application
  Rendered static_pages/root.html.erb within layouts/application (2.3ms)
Completed 200 OK in 4226ms (Views: 4225.4ms | ActiveRecord: 0.0ms)


  [1m[36mTodo Load (1.1ms)[0m  [1m[34mSELECT "todos".* FROM "todos"[0m
Started GET "/" for ::1 at 2022-06-09 17:17:08 -0400
Processing by StaticPagesController#root as HTML
  Rendering static_pages/root.html.erb within layouts/application
  Rendered static_pages/root.html.erb within layouts/application (2.9ms)
Completed 200 OK in 1577ms (Views: 1576.3ms | ActiveRecord: 0.0ms)


  
ActionController::RoutingError (No route matches [GET] "/assets/bundle.js-ce414187598d21ac677d0be6cbf970cc723e1ba437c548fd6196914ad3fc0900.map"):
  
actionpack (5.2.8) lib/action_dispatch/middleware/debug_exceptions.rb:65:in `call'
web-console (3.7.0) lib/web_console/middleware.rb:135:in `call_app'
web-console (3.7.0) lib/web_console/middleware.rb:30:in `block in call'
web-console (3.7.0) lib/web_console/middleware.rb:20:in `catch'
web-console (3.7.0) lib/web_console/middleware.rb:20:in `call'
actionpack (5.2.8) lib/action_dispatch/middleware/show_exceptions.rb:33:in `call'
railties (5.2.8) lib/rails/rack/logger.rb:38:in `call_app'
railties (5.2.8) lib/rails/rack/logger.rb:26:in `block in call'
activesupport (5.2.8) lib/active_support/tagged_logging.rb:71:in `block in tagged'
activesupport (5.2.8) lib/active_support/tagged_logging.rb:28:in `tagged'
activesupport (5.2.8) lib/active_support/tagged_logging.rb:71:in `tagged'
railties (5.2.8) lib/rails/rack/logger.rb:26:in `call'
sprockets-rails (3.4.2) lib/sprockets/rails/quiet_assets.rb:11:in `block in call'
activesupport (5.2.8) lib/active_support/logger_silence.rb:21:in `silence'
activesupport (5.2.8) lib/active_support/logger.rb:65:in `block (3 levels) in broadcast'
activesupport (5.2.8) lib/active_support/logger_silence.rb:21:in `silence'
activesupport (5.2.8) lib/active_support/logger.rb:63:in `block (2 levels) in broadcast'
sprockets-rails (3.4.2) lib/sprockets/rails/quiet_assets.rb:11:in `call'
actionpack (5.2.8) lib/action_dispatch/middleware/remote_ip.rb:81:in `call'
actionpack (5.2.8) lib/action_dispatch/middleware/request_id.rb:27:in `call'
rack (2.2.3.1) lib/rack/method_override.rb:24:in `call'
rack (2.2.3.1) lib/rack/runtime.rb:22:in `call'
activesupport (5.2.8) lib/active_support/cache/strategy/local_cache_middleware.rb:29:in `call'
actionpack (5.2.8) lib/action_dispatch/middleware/executor.rb:14:in `call'
actionpack (5.2.8) lib/action_dispatch/middleware/static.rb:127:in `call'
rack (2.2.3.1) lib/rack/sendfile.rb:110:in `call'
railties (5.2.8) lib/rails/engine.rb:524:in `call'
puma (3.12.6) lib/puma/configuration.rb:227:in `call'
puma (3.12.6) lib/puma/server.rb:706:in `handle_request'
puma (3.12.6) lib/puma/server.rb:476:in `process_client'
puma (3.12.6) lib/puma/server.rb:334:in `block in run'
puma (3.12.6) lib/puma/thread_pool.rb:135:in `block in spawn_thread'
Started GET "/" for ::1 at 2022-06-09 17:28:24 -0400
  [1m[35m (7.2ms)[0m  [1m[34mSELECT "schema_migrations"."version" FROM "schema_migrations" ORDER BY "schema_migrations"."version" ASC[0m
  ↳ /Users/mc/.rbenv/versions/2.5.1/lib/ruby/gems/2.5.0/gems/activerecord-5.2.8/lib/active_record/log_subscriber.rb:98
Processing by StaticPagesController#root as HTML
  Rendering static_pages/root.html.erb within layouts/application
  Rendered static_pages/root.html.erb within layouts/application (5.7ms)
Completed 200 OK in 2707ms (Views: 2707.1ms | ActiveRecord: 0.0ms)


Started GET "/" for ::1 at 2022-06-09 17:28:35 -0400
Processing by StaticPagesController#root as HTML
  Rendering static_pages/root.html.erb within layouts/application
  Rendered static_pages/root.html.erb within layouts/application (0.6ms)
Completed 200 OK in 43ms (Views: 42.5ms | ActiveRecord: 0.0ms)


Started GET "/" for ::1 at 2022-06-09 17:32:45 -0400
Processing by StaticPagesController#root as HTML
  Rendering static_pages/root.html.erb within layouts/application
  Rendered static_pages/root.html.erb within layouts/application (1.7ms)
Completed 200 OK in 1957ms (Views: 1955.7ms | ActiveRecord: 0.0ms)


Started POST "/api/todos" for ::1 at 2022-06-09 17:32:50 -0400
Processing by Api::TodosController#create as JSON
Completed 400 Bad Request in 51ms (ActiveRecord: 0.0ms)



ActionController::ParameterMissing - param is missing or the value is empty: todos:
  app/controllers/api/todos_controller.rb:31:in `todo_params'
  app/controllers/api/todos_controller.rb:12:in `create'

Started GET "/" for ::1 at 2022-06-09 17:32:50 -0400
Processing by StaticPagesController#root as HTML
  Rendering static_pages/root.html.erb within layouts/application
  Rendered static_pages/root.html.erb within layouts/application (0.8ms)
Completed 200 OK in 38ms (Views: 37.2ms | ActiveRecord: 0.0ms)


Started POST "/api/todos" for ::1 at 2022-06-09 17:35:43 -0400
Started GET "/" for ::1 at 2022-06-09 17:35:43 -0400
Processing by Api::TodosController#create as JSON
Completed 400 Bad Request in 8ms (ActiveRecord: 0.0ms)



ActionController::ParameterMissing - param is missing or the value is empty: todo:
  app/controllers/api/todos_controller.rb:31:in `todo_params'
  app/controllers/api/todos_controller.rb:12:in `create'

Processing by StaticPagesController#root as HTML
  Rendering static_pages/root.html.erb within layouts/application
  Rendered static_pages/root.html.erb within layouts/application (0.7ms)
Completed 200 OK in 61ms (Views: 60.6ms | ActiveRecord: 0.0ms)


Started POST "/api/todos" for ::1 at 2022-06-09 17:35:54 -0400
Started GET "/" for ::1 at 2022-06-09 17:35:54 -0400
Processing by Api::TodosController#create as JSON
Completed 400 Bad Request in 4ms (ActiveRecord: 0.0ms)



ActionController::ParameterMissing - param is missing or the value is empty: todo:
  app/controllers/api/todos_controller.rb:31:in `todo_params'
  app/controllers/api/todos_controller.rb:12:in `create'

Processing by StaticPagesController#root as HTML
  Rendering static_pages/root.html.erb within layouts/application
  Rendered static_pages/root.html.erb within layouts/application (0.5ms)
Completed 200 OK in 65ms (Views: 64.7ms | ActiveRecord: 0.0ms)


Started POST "/api/todos" for ::1 at 2022-06-09 17:36:52 -0400
Processing by Api::TodosController#create as JSON
Completed 400 Bad Request in 3ms (ActiveRecord: 0.0ms)



ActionController::ParameterMissing - param is missing or the value is empty: todo:
  app/controllers/api/todos_controller.rb:31:in `todo_params'
  app/controllers/api/todos_controller.rb:12:in `create'

Started GET "/" for ::1 at 2022-06-09 17:36:52 -0400
Processing by StaticPagesController#root as HTML
  Rendering static_pages/root.html.erb within layouts/application
  Rendered static_pages/root.html.erb within layouts/application (0.6ms)
Completed 200 OK in 2404ms (Views: 2403.9ms | ActiveRecord: 0.0ms)


Started POST "/api/todos" for ::1 at 2022-06-09 17:38:49 -0400
Processing by Api::TodosController#create as JSON
Completed 400 Bad Request in 18ms (ActiveRecord: 0.0ms)



ActionController::ParameterMissing - param is missing or the value is empty: todo:
  app/controllers/api/todos_controller.rb:31:in `todo_params'
  app/controllers/api/todos_controller.rb:12:in `create'

Started POST "/api/todos" for ::1 at 2022-06-09 17:40:05 -0400
Processing by Api::TodosController#create as JSON
Completed 400 Bad Request in 1ms (ActiveRecord: 0.0ms)



ActionController::ParameterMissing - param is missing or the value is empty: todo:
  app/controllers/api/todos_controller.rb:31:in `todo_params'
  app/controllers/api/todos_controller.rb:12:in `create'

Started POST "/api/todos" for ::1 at 2022-06-09 17:40:07 -0400
Processing by Api::TodosController#create as JSON
Completed 400 Bad Request in 1ms (ActiveRecord: 0.0ms)



ActionController::ParameterMissing - param is missing or the value is empty: todo:
  app/controllers/api/todos_controller.rb:31:in `todo_params'
  app/controllers/api/todos_controller.rb:12:in `create'

Started POST "/api/todos" for ::1 at 2022-06-09 17:40:13 -0400
Processing by Api::TodosController#create as JSON
Completed 400 Bad Request in 1ms (ActiveRecord: 0.0ms)



ActionController::ParameterMissing - param is missing or the value is empty: todo:
  app/controllers/api/todos_controller.rb:31:in `todo_params'
  app/controllers/api/todos_controller.rb:12:in `create'

Started POST "/api/todos" for ::1 at 2022-06-09 17:45:37 -0400
Processing by Api::TodosController#create as JSON
Completed 400 Bad Request in 9ms (ActiveRecord: 0.0ms)



ActionController::ParameterMissing - param is missing or the value is empty: todo:
  app/controllers/api/todos_controller.rb:31:in `todo_params'
  app/controllers/api/todos_controller.rb:12:in `create'

Started POST "/api/todos" for ::1 at 2022-06-09 17:46:06 -0400
  [1m[35m (2.2ms)[0m  [1m[34mSELECT "schema_migrations"."version" FROM "schema_migrations" ORDER BY "schema_migrations"."version" ASC[0m
  ↳ /Users/mc/.rbenv/versions/2.5.1/lib/ruby/gems/2.5.0/gems/activerecord-5.2.8/lib/active_record/log_subscriber.rb:98
Processing by Api::TodosController#create as JSON
Completed 400 Bad Request in 44ms (ActiveRecord: 0.0ms)



ActionController::ParameterMissing - param is missing or the value is empty: todo:
  app/controllers/api/todos_controller.rb:31:in `todo_params'
  app/controllers/api/todos_controller.rb:12:in `create'

Started GET "/" for ::1 at 2022-06-09 17:49:44 -0400
Processing by StaticPagesController#root as HTML
  Rendering static_pages/root.html.erb within layouts/application
  Rendered static_pages/root.html.erb within layouts/application (2.5ms)
Completed 200 OK in 2254ms (Views: 2253.0ms | ActiveRecord: 0.0ms)


Started POST "/api/todos" for ::1 at 2022-06-09 17:49:57 -0400
Processing by Api::TodosController#create as JSON
  Parameters: {"todo"=>{"title"=>"yo", "body"=>"wtf", "done"=>"false"}}
  [1m[35m (5.2ms)[0m  [1m[35mBEGIN[0m
  ↳ app/controllers/api/todos_controller.rb:14
  [1m[36mTodo Create (172.7ms)[0m  [1m[32mINSERT INTO "todos" ("title", "body", "done", "created_at", "updated_at") VALUES ($1, $2, $3, $4, $5) RETURNING "id"[0m  [["title", "yo"], ["body", "wtf"], ["done", false], ["created_at", "2022-06-09 21:49:57.695135"], ["updated_at", "2022-06-09 21:49:57.695135"]]
  ↳ app/controllers/api/todos_controller.rb:14
  [1m[35m (7.3ms)[0m  [1m[35mCOMMIT[0m
  ↳ app/controllers/api/todos_controller.rb:14
Completed 200 OK in 340ms (Views: 0.6ms | ActiveRecord: 325.3ms)


  [1m[36mTodo Load (4.9ms)[0m  [1m[34mSELECT "todos".* FROM "todos"[0m
Started GET "/" for ::1 at 2022-06-09 17:52:36 -0400
  [1m[35m (0.5ms)[0m  [1m[34mSELECT "schema_migrations"."version" FROM "schema_migrations" ORDER BY "schema_migrations"."version" ASC[0m
  ↳ /Users/mc/.rbenv/versions/2.5.1/lib/ruby/gems/2.5.0/gems/activerecord-5.2.8/lib/active_record/log_subscriber.rb:98
Processing by StaticPagesController#root as HTML
  Rendering static_pages/root.html.erb within layouts/application
  Rendered static_pages/root.html.erb within layouts/application (3.8ms)
Completed 200 OK in 2125ms (Views: 2124.3ms | ActiveRecord: 0.0ms)


Started POST "/api/todos" for ::1 at 2022-06-09 17:52:50 -0400
Processing by Api::TodosController#create as JSON
  Parameters: {"todo"=>{"title"=>"this fucking works", "body"=>"lfg", "done"=>"false"}}
  [1m[35m (0.1ms)[0m  [1m[35mBEGIN[0m
  ↳ app/controllers/api/todos_controller.rb:14
  [1m[36mTodo Create (0.5ms)[0m  [1m[32mINSERT INTO "todos" ("title", "body", "done", "created_at", "updated_at") VALUES ($1, $2, $3, $4, $5) RETURNING "id"[0m  [["title", "this fucking works"], ["body", "lfg"], ["done", false], ["created_at", "2022-06-09 21:52:50.562186"], ["updated_at", "2022-06-09 21:52:50.562186"]]
  ↳ app/controllers/api/todos_controller.rb:14
  [1m[35m (1.4ms)[0m  [1m[35mCOMMIT[0m
  ↳ app/controllers/api/todos_controller.rb:14
Completed 200 OK in 41ms (Views: 0.4ms | ActiveRecord: 29.7ms)


Started POST "/api/todos" for ::1 at 2022-06-09 17:55:04 -0400
  [1m[35m (0.7ms)[0m  [1m[34mSELECT "schema_migrations"."version" FROM "schema_migrations" ORDER BY "schema_migrations"."version" ASC[0m
  ↳ /Users/mc/.rbenv/versions/2.5.1/lib/ruby/gems/2.5.0/gems/activerecord-5.2.8/lib/active_record/log_subscriber.rb:98
Processing by Api::TodosController#create as JSON
  Parameters: {"todo"=>{"title"=>"hell yeah", "body"=>"fucking right", "done"=>"false"}}
  [1m[35m (0.2ms)[0m  [1m[35mBEGIN[0m
  ↳ app/controllers/api/todos_controller.rb:14
  [1m[36mTodo Create (0.5ms)[0m  [1m[32mINSERT INTO "todos" ("title", "body", "done", "created_at", "updated_at") VALUES ($1, $2, $3, $4, $5) RETURNING "id"[0m  [["title", "hell yeah"], ["body", "fucking right"], ["done", false], ["created_at", "2022-06-09 21:55:05.289354"], ["updated_at", "2022-06-09 21:55:05.289354"]]
  ↳ app/controllers/api/todos_controller.rb:14
  [1m[35m (0.7ms)[0m  [1m[35mCOMMIT[0m
  ↳ app/controllers/api/todos_controller.rb:14
Completed 200 OK in 30ms (Views: 0.4ms | ActiveRecord: 7.5ms)


Started GET "/api/todos" for ::1 at 2022-06-09 17:55:17 -0400
Processing by Api::TodosController#index as JSON
  [1m[36mTodo Load (9.2ms)[0m  [1m[34mSELECT "todos".* FROM "todos"[0m
  ↳ app/controllers/api/todos_controller.rb:8
Completed 200 OK in 25ms (Views: 15.2ms | ActiveRecord: 9.2ms)


  
ActionController::RoutingError (No route matches [GET] "/assets/bundle.js-49684b5ac81c89c7582abfbbc82540be1ac66e19eae46bff70da8c7d2eeb067d.map"):
  
actionpack (5.2.8) lib/action_dispatch/middleware/debug_exceptions.rb:65:in `call'
web-console (3.7.0) lib/web_console/middleware.rb:135:in `call_app'
web-console (3.7.0) lib/web_console/middleware.rb:30:in `block in call'
web-console (3.7.0) lib/web_console/middleware.rb:20:in `catch'
web-console (3.7.0) lib/web_console/middleware.rb:20:in `call'
actionpack (5.2.8) lib/action_dispatch/middleware/show_exceptions.rb:33:in `call'
railties (5.2.8) lib/rails/rack/logger.rb:38:in `call_app'
railties (5.2.8) lib/rails/rack/logger.rb:26:in `block in call'
activesupport (5.2.8) lib/active_support/tagged_logging.rb:71:in `block in tagged'
activesupport (5.2.8) lib/active_support/tagged_logging.rb:28:in `tagged'
activesupport (5.2.8) lib/active_support/tagged_logging.rb:71:in `tagged'
railties (5.2.8) lib/rails/rack/logger.rb:26:in `call'
sprockets-rails (3.4.2) lib/sprockets/rails/quiet_assets.rb:11:in `block in call'
activesupport (5.2.8) lib/active_support/logger_silence.rb:21:in `silence'
activesupport (5.2.8) lib/active_support/logger.rb:65:in `block (3 levels) in broadcast'
activesupport (5.2.8) lib/active_support/logger_silence.rb:21:in `silence'
activesupport (5.2.8) lib/active_support/logger.rb:63:in `block (2 levels) in broadcast'
sprockets-rails (3.4.2) lib/sprockets/rails/quiet_assets.rb:11:in `call'
actionpack (5.2.8) lib/action_dispatch/middleware/remote_ip.rb:81:in `call'
actionpack (5.2.8) lib/action_dispatch/middleware/request_id.rb:27:in `call'
rack (2.2.3.1) lib/rack/method_override.rb:24:in `call'
rack (2.2.3.1) lib/rack/runtime.rb:22:in `call'
activesupport (5.2.8) lib/active_support/cache/strategy/local_cache_middleware.rb:29:in `call'
actionpack (5.2.8) lib/action_dispatch/middleware/executor.rb:14:in `call'
actionpack (5.2.8) lib/action_dispatch/middleware/static.rb:127:in `call'
rack (2.2.3.1) lib/rack/sendfile.rb:110:in `call'
railties (5.2.8) lib/rails/engine.rb:524:in `call'
puma (3.12.6) lib/puma/configuration.rb:227:in `call'
puma (3.12.6) lib/puma/server.rb:706:in `handle_request'
puma (3.12.6) lib/puma/server.rb:476:in `process_client'
puma (3.12.6) lib/puma/server.rb:334:in `block in run'
puma (3.12.6) lib/puma/thread_pool.rb:135:in `block in spawn_thread'
Started POST "/api/todos" for ::1 at 2022-06-09 20:20:45 -0400
Processing by Api::TodosController#create as JSON
  Parameters: {"todo"=>{"title"=>"still works", "body"=>"pls", "done"=>"false"}}
  [1m[35m (1.7ms)[0m  [1m[35mBEGIN[0m
  ↳ app/controllers/api/todos_controller.rb:14
  [1m[36mTodo Create (22.7ms)[0m  [1m[32mINSERT INTO "todos" ("title", "body", "done", "created_at", "updated_at") VALUES ($1, $2, $3, $4, $5) RETURNING "id"[0m  [["title", "still works"], ["body", "pls"], ["done", false], ["created_at", "2022-06-10 00:20:45.867250"], ["updated_at", "2022-06-10 00:20:45.867250"]]
  ↳ app/controllers/api/todos_controller.rb:14
  [1m[35m (9.8ms)[0m  [1m[35mCOMMIT[0m
  ↳ app/controllers/api/todos_controller.rb:14
Completed 200 OK in 73ms (Views: 5.6ms | ActiveRecord: 55.3ms)


Started GET "/api/todos" for ::1 at 2022-06-09 20:21:31 -0400
Processing by Api::TodosController#index as JSON
  [1m[36mTodo Load (121.3ms)[0m  [1m[34mSELECT "todos".* FROM "todos"[0m
  ↳ app/controllers/api/todos_controller.rb:8
Completed 200 OK in 136ms (Views: 14.5ms | ActiveRecord: 121.3ms)


  
ActionController::RoutingError (No route matches [GET] "/assets/bundle.js-49684b5ac81c89c7582abfbbc82540be1ac66e19eae46bff70da8c7d2eeb067d.map"):
  
actionpack (5.2.8) lib/action_dispatch/middleware/debug_exceptions.rb:65:in `call'
web-console (3.7.0) lib/web_console/middleware.rb:135:in `call_app'
web-console (3.7.0) lib/web_console/middleware.rb:30:in `block in call'
web-console (3.7.0) lib/web_console/middleware.rb:20:in `catch'
web-console (3.7.0) lib/web_console/middleware.rb:20:in `call'
actionpack (5.2.8) lib/action_dispatch/middleware/show_exceptions.rb:33:in `call'
railties (5.2.8) lib/rails/rack/logger.rb:38:in `call_app'
railties (5.2.8) lib/rails/rack/logger.rb:26:in `block in call'
activesupport (5.2.8) lib/active_support/tagged_logging.rb:71:in `block in tagged'
activesupport (5.2.8) lib/active_support/tagged_logging.rb:28:in `tagged'
activesupport (5.2.8) lib/active_support/tagged_logging.rb:71:in `tagged'
railties (5.2.8) lib/rails/rack/logger.rb:26:in `call'
sprockets-rails (3.4.2) lib/sprockets/rails/quiet_assets.rb:11:in `block in call'
activesupport (5.2.8) lib/active_support/logger_silence.rb:21:in `silence'
activesupport (5.2.8) lib/active_support/logger.rb:65:in `block (3 levels) in broadcast'
activesupport (5.2.8) lib/active_support/logger_silence.rb:21:in `silence'
activesupport (5.2.8) lib/active_support/logger.rb:63:in `block (2 levels) in broadcast'
sprockets-rails (3.4.2) lib/sprockets/rails/quiet_assets.rb:11:in `call'
actionpack (5.2.8) lib/action_dispatch/middleware/remote_ip.rb:81:in `call'
actionpack (5.2.8) lib/action_dispatch/middleware/request_id.rb:27:in `call'
rack (2.2.3.1) lib/rack/method_override.rb:24:in `call'
rack (2.2.3.1) lib/rack/runtime.rb:22:in `call'
activesupport (5.2.8) lib/active_support/cache/strategy/local_cache_middleware.rb:29:in `call'
actionpack (5.2.8) lib/action_dispatch/middleware/executor.rb:14:in `call'
actionpack (5.2.8) lib/action_dispatch/middleware/static.rb:127:in `call'
rack (2.2.3.1) lib/rack/sendfile.rb:110:in `call'
railties (5.2.8) lib/rails/engine.rb:524:in `call'
puma (3.12.6) lib/puma/configuration.rb:227:in `call'
puma (3.12.6) lib/puma/server.rb:706:in `handle_request'
puma (3.12.6) lib/puma/server.rb:476:in `process_client'
puma (3.12.6) lib/puma/server.rb:334:in `block in run'
puma (3.12.6) lib/puma/thread_pool.rb:135:in `block in spawn_thread'
  
ActionController::RoutingError (No route matches [GET] "/assets/bundle.js-49684b5ac81c89c7582abfbbc82540be1ac66e19eae46bff70da8c7d2eeb067d.map"):
  
actionpack (5.2.8) lib/action_dispatch/middleware/debug_exceptions.rb:65:in `call'
web-console (3.7.0) lib/web_console/middleware.rb:135:in `call_app'
web-console (3.7.0) lib/web_console/middleware.rb:30:in `block in call'
web-console (3.7.0) lib/web_console/middleware.rb:20:in `catch'
web-console (3.7.0) lib/web_console/middleware.rb:20:in `call'
actionpack (5.2.8) lib/action_dispatch/middleware/show_exceptions.rb:33:in `call'
railties (5.2.8) lib/rails/rack/logger.rb:38:in `call_app'
railties (5.2.8) lib/rails/rack/logger.rb:26:in `block in call'
activesupport (5.2.8) lib/active_support/tagged_logging.rb:71:in `block in tagged'
activesupport (5.2.8) lib/active_support/tagged_logging.rb:28:in `tagged'
activesupport (5.2.8) lib/active_support/tagged_logging.rb:71:in `tagged'
railties (5.2.8) lib/rails/rack/logger.rb:26:in `call'
sprockets-rails (3.4.2) lib/sprockets/rails/quiet_assets.rb:11:in `block in call'
activesupport (5.2.8) lib/active_support/logger_silence.rb:21:in `silence'
activesupport (5.2.8) lib/active_support/logger.rb:65:in `block (3 levels) in broadcast'
activesupport (5.2.8) lib/active_support/logger_silence.rb:21:in `silence'
activesupport (5.2.8) lib/active_support/logger.rb:63:in `block (2 levels) in broadcast'
sprockets-rails (3.4.2) lib/sprockets/rails/quiet_assets.rb:11:in `call'
actionpack (5.2.8) lib/action_dispatch/middleware/remote_ip.rb:81:in `call'
actionpack (5.2.8) lib/action_dispatch/middleware/request_id.rb:27:in `call'
rack (2.2.3.1) lib/rack/method_override.rb:24:in `call'
rack (2.2.3.1) lib/rack/runtime.rb:22:in `call'
activesupport (5.2.8) lib/active_support/cache/strategy/local_cache_middleware.rb:29:in `call'
actionpack (5.2.8) lib/action_dispatch/middleware/executor.rb:14:in `call'
actionpack (5.2.8) lib/action_dispatch/middleware/static.rb:127:in `call'
rack (2.2.3.1) lib/rack/sendfile.rb:110:in `call'
railties (5.2.8) lib/rails/engine.rb:524:in `call'
puma (3.12.6) lib/puma/configuration.rb:227:in `call'
puma (3.12.6) lib/puma/server.rb:706:in `handle_request'
puma (3.12.6) lib/puma/server.rb:476:in `process_client'
puma (3.12.6) lib/puma/server.rb:334:in `block in run'
puma (3.12.6) lib/puma/thread_pool.rb:135:in `block in spawn_thread'
  
ActionController::RoutingError (No route matches [GET] "/assets/bundle.js-49684b5ac81c89c7582abfbbc82540be1ac66e19eae46bff70da8c7d2eeb067d.map"):
  
actionpack (5.2.8) lib/action_dispatch/middleware/debug_exceptions.rb:65:in `call'
web-console (3.7.0) lib/web_console/middleware.rb:135:in `call_app'
web-console (3.7.0) lib/web_console/middleware.rb:30:in `block in call'
web-console (3.7.0) lib/web_console/middleware.rb:20:in `catch'
web-console (3.7.0) lib/web_console/middleware.rb:20:in `call'
actionpack (5.2.8) lib/action_dispatch/middleware/show_exceptions.rb:33:in `call'
railties (5.2.8) lib/rails/rack/logger.rb:38:in `call_app'
railties (5.2.8) lib/rails/rack/logger.rb:26:in `block in call'
activesupport (5.2.8) lib/active_support/tagged_logging.rb:71:in `block in tagged'
activesupport (5.2.8) lib/active_support/tagged_logging.rb:28:in `tagged'
activesupport (5.2.8) lib/active_support/tagged_logging.rb:71:in `tagged'
railties (5.2.8) lib/rails/rack/logger.rb:26:in `call'
sprockets-rails (3.4.2) lib/sprockets/rails/quiet_assets.rb:11:in `block in call'
activesupport (5.2.8) lib/active_support/logger_silence.rb:21:in `silence'
activesupport (5.2.8) lib/active_support/logger.rb:65:in `block (3 levels) in broadcast'
activesupport (5.2.8) lib/active_support/logger_silence.rb:21:in `silence'
activesupport (5.2.8) lib/active_support/logger.rb:63:in `block (2 levels) in broadcast'
sprockets-rails (3.4.2) lib/sprockets/rails/quiet_assets.rb:11:in `call'
actionpack (5.2.8) lib/action_dispatch/middleware/remote_ip.rb:81:in `call'
actionpack (5.2.8) lib/action_dispatch/middleware/request_id.rb:27:in `call'
rack (2.2.3.1) lib/rack/method_override.rb:24:in `call'
rack (2.2.3.1) lib/rack/runtime.rb:22:in `call'
activesupport (5.2.8) lib/active_support/cache/strategy/local_cache_middleware.rb:29:in `call'
actionpack (5.2.8) lib/action_dispatch/middleware/executor.rb:14:in `call'
actionpack (5.2.8) lib/action_dispatch/middleware/static.rb:127:in `call'
rack (2.2.3.1) lib/rack/sendfile.rb:110:in `call'
railties (5.2.8) lib/rails/engine.rb:524:in `call'
puma (3.12.6) lib/puma/configuration.rb:227:in `call'
puma (3.12.6) lib/puma/server.rb:706:in `handle_request'
puma (3.12.6) lib/puma/server.rb:476:in `process_client'
puma (3.12.6) lib/puma/server.rb:334:in `block in run'
puma (3.12.6) lib/puma/thread_pool.rb:135:in `block in spawn_thread'
Started POST "/api/todos" for ::1 at 2022-06-09 20:21:52 -0400
Processing by Api::TodosController#create as JSON
  Parameters: {"todo"=>{"title"=>"it clears", "body"=>"pls", "done"=>"false"}}
  [1m[35m (79.8ms)[0m  [1m[35mBEGIN[0m
  ↳ app/controllers/api/todos_controller.rb:14
  [1m[36mTodo Create (11.1ms)[0m  [1m[32mINSERT INTO "todos" ("title", "body", "done", "created_at", "updated_at") VALUES ($1, $2, $3, $4, $5) RETURNING "id"[0m  [["title", "it clears"], ["body", "pls"], ["done", false], ["created_at", "2022-06-10 00:21:52.810502"], ["updated_at", "2022-06-10 00:21:52.810502"]]
  ↳ app/controllers/api/todos_controller.rb:14
  [1m[35m (1.2ms)[0m  [1m[35mCOMMIT[0m
  ↳ app/controllers/api/todos_controller.rb:14
Completed 200 OK in 98ms (Views: 0.5ms | ActiveRecord: 92.1ms)


Started POST "/api/todos" for ::1 at 2022-06-09 20:25:09 -0400
  [1m[35m (4.4ms)[0m  [1m[34mSELECT "schema_migrations"."version" FROM "schema_migrations" ORDER BY "schema_migrations"."version" ASC[0m
  ↳ /Users/mc/.rbenv/versions/2.5.1/lib/ruby/gems/2.5.0/gems/activerecord-5.2.8/lib/active_record/log_subscriber.rb:98
Processing by Api::TodosController#create as JSON
  Parameters: {"todo"=>{"title"=>"async", "body"=>"works!", "done"=>"false"}}
  [1m[35m (0.2ms)[0m  [1m[35mBEGIN[0m
  ↳ app/controllers/api/todos_controller.rb:14
  [1m[36mTodo Create (1.4ms)[0m  [1m[32mINSERT INTO "todos" ("title", "body", "done", "created_at", "updated_at") VALUES ($1, $2, $3, $4, $5) RETURNING "id"[0m  [["title", "async"], ["body", "works!"], ["done", false], ["created_at", "2022-06-10 00:25:10.429997"], ["updated_at", "2022-06-10 00:25:10.429997"]]
  ↳ app/controllers/api/todos_controller.rb:14
  [1m[35m (0.6ms)[0m  [1m[35mCOMMIT[0m
  ↳ app/controllers/api/todos_controller.rb:14
Completed 200 OK in 93ms (Views: 0.4ms | ActiveRecord: 31.2ms)


Started POST "/api/todos" for ::1 at 2022-06-09 20:25:30 -0400
Processing by Api::TodosController#create as JSON
  Parameters: {"todo"=>{"title"=>"it really", "body"=>"works", "done"=>"false"}}
  [1m[35m (76.2ms)[0m  [1m[35mBEGIN[0m
  ↳ app/controllers/api/todos_controller.rb:14
  [1m[36mTodo Create (3.8ms)[0m  [1m[32mINSERT INTO "todos" ("title", "body", "done", "created_at", "updated_at") VALUES ($1, $2, $3, $4, $5) RETURNING "id"[0m  [["title", "it really"], ["body", "works"], ["done", false], ["created_at", "2022-06-10 00:25:30.481826"], ["updated_at", "2022-06-10 00:25:30.481826"]]
  ↳ app/controllers/api/todos_controller.rb:14
  [1m[35m (1.7ms)[0m  [1m[35mCOMMIT[0m
  ↳ app/controllers/api/todos_controller.rb:14
Completed 200 OK in 85ms (Views: 0.3ms | ActiveRecord: 81.7ms)


Started GET "/" for ::1 at 2022-06-09 20:37:31 -0400
  [1m[35m (1.0ms)[0m  [1m[34mSELECT "schema_migrations"."version" FROM "schema_migrations" ORDER BY "schema_migrations"."version" ASC[0m
  ↳ /Users/mc/.rbenv/versions/2.5.1/lib/ruby/gems/2.5.0/gems/activerecord-5.2.8/lib/active_record/log_subscriber.rb:98
Processing by StaticPagesController#root as HTML
  Rendering static_pages/root.html.erb within layouts/application
  Rendered static_pages/root.html.erb within layouts/application (1.2ms)
Completed 200 OK in 2580ms (Views: 2579.4ms | ActiveRecord: 0.0ms)


Started POST "/api/todos" for ::1 at 2022-06-09 20:37:43 -0400
Processing by Api::TodosController#create as JSON
  Parameters: {"todo"=>{"title"=>"adding todo", "body"=>"yo", "done"=>"false"}}
  [1m[35m (0.9ms)[0m  [1m[35mBEGIN[0m
  ↳ app/controllers/api/todos_controller.rb:14
  [1m[36mTodo Create (0.8ms)[0m  [1m[32mINSERT INTO "todos" ("title", "body", "done", "created_at", "updated_at") VALUES ($1, $2, $3, $4, $5) RETURNING "id"[0m  [["title", "adding todo"], ["body", "yo"], ["done", false], ["created_at", "2022-06-10 00:37:43.770609"], ["updated_at", "2022-06-10 00:37:43.770609"]]
  ↳ app/controllers/api/todos_controller.rb:14
  [1m[35m (2.0ms)[0m  [1m[35mCOMMIT[0m
  ↳ app/controllers/api/todos_controller.rb:14
Completed 200 OK in 21ms (Views: 0.4ms | ActiveRecord: 8.6ms)


Started POST "/api/todos" for ::1 at 2022-06-09 20:37:49 -0400
Processing by Api::TodosController#create as JSON
  Parameters: {"todo"=>{"title"=>"adding todo", "body"=>"yo", "done"=>"false"}}
  [1m[35m (30.9ms)[0m  [1m[35mBEGIN[0m
  ↳ app/controllers/api/todos_controller.rb:14
  [1m[36mTodo Create (0.6ms)[0m  [1m[32mINSERT INTO "todos" ("title", "body", "done", "created_at", "updated_at") VALUES ($1, $2, $3, $4, $5) RETURNING "id"[0m  [["title", "adding todo"], ["body", "yo"], ["done", false], ["created_at", "2022-06-10 00:37:49.794851"], ["updated_at", "2022-06-10 00:37:49.794851"]]
  ↳ app/controllers/api/todos_controller.rb:14
  [1m[35m (0.8ms)[0m  [1m[35mCOMMIT[0m
  ↳ app/controllers/api/todos_controller.rb:14
Completed 200 OK in 35ms (Views: 0.3ms | ActiveRecord: 32.2ms)


Started GET "/" for ::1 at 2022-06-09 20:38:55 -0400
Processing by StaticPagesController#root as HTML
  Rendering static_pages/root.html.erb within layouts/application
  Rendered static_pages/root.html.erb within layouts/application (0.3ms)
Completed 200 OK in 1585ms (Views: 1584.4ms | ActiveRecord: 0.0ms)


Started POST "/api/todos" for ::1 at 2022-06-09 20:39:05 -0400
Processing by Api::TodosController#create as JSON
  Parameters: {"todo"=>{"title"=>"adding todo", "body"=>"yo", "done"=>"false"}}
  [1m[35m (14.7ms)[0m  [1m[35mBEGIN[0m
  ↳ app/controllers/api/todos_controller.rb:14
  [1m[36mTodo Create (3.4ms)[0m  [1m[32mINSERT INTO "todos" ("title", "body", "done", "created_at", "updated_at") VALUES ($1, $2, $3, $4, $5) RETURNING "id"[0m  [["title", "adding todo"], ["body", "yo"], ["done", false], ["created_at", "2022-06-10 00:39:05.444851"], ["updated_at", "2022-06-10 00:39:05.444851"]]
  ↳ app/controllers/api/todos_controller.rb:14
  [1m[35m (0.8ms)[0m  [1m[35mCOMMIT[0m
  ↳ app/controllers/api/todos_controller.rb:14
Completed 200 OK in 23ms (Views: 0.6ms | ActiveRecord: 19.0ms)


Started GET "/" for ::1 at 2022-06-09 20:49:06 -0400
Processing by StaticPagesController#root as HTML
  Rendering static_pages/root.html.erb within layouts/application
  Rendered static_pages/root.html.erb within layouts/application (1.2ms)
Completed 200 OK in 1303ms (Views: 1302.2ms | ActiveRecord: 0.0ms)


Started POST "/api/todos" for ::1 at 2022-06-09 20:49:16 -0400
Processing by Api::TodosController#create as JSON
  Parameters: {"todo"=>{"title"=>"todo", "body"=>"todo", "done"=>"false"}}
  [1m[35m (0.4ms)[0m  [1m[35mBEGIN[0m
  ↳ app/controllers/api/todos_controller.rb:14
  [1m[36mTodo Create (13.3ms)[0m  [1m[32mINSERT INTO "todos" ("title", "body", "done", "created_at", "updated_at") VALUES ($1, $2, $3, $4, $5) RETURNING "id"[0m  [["title", "todo"], ["body", "todo"], ["done", false], ["created_at", "2022-06-10 00:49:16.168761"], ["updated_at", "2022-06-10 00:49:16.168761"]]
  ↳ app/controllers/api/todos_controller.rb:14
  [1m[35m (4.4ms)[0m  [1m[35mCOMMIT[0m
  ↳ app/controllers/api/todos_controller.rb:14
Completed 200 OK in 27ms (Views: 1.0ms | ActiveRecord: 18.0ms)


Started GET "/" for ::1 at 2022-06-09 20:49:44 -0400
Processing by StaticPagesController#root as HTML
  Rendering static_pages/root.html.erb within layouts/application
  Rendered static_pages/root.html.erb within layouts/application (0.4ms)
Completed 200 OK in 1894ms (Views: 1894.0ms | ActiveRecord: 0.0ms)


  
ActionController::RoutingError (No route matches [GET] "/assets/bundle.js-ab64527db8169cb04ccb2db622abe80f07c233179a5f3e2c9fc9b139dbacab87.map"):
  
actionpack (5.2.8) lib/action_dispatch/middleware/debug_exceptions.rb:65:in `call'
web-console (3.7.0) lib/web_console/middleware.rb:135:in `call_app'
web-console (3.7.0) lib/web_console/middleware.rb:30:in `block in call'
web-console (3.7.0) lib/web_console/middleware.rb:20:in `catch'
web-console (3.7.0) lib/web_console/middleware.rb:20:in `call'
actionpack (5.2.8) lib/action_dispatch/middleware/show_exceptions.rb:33:in `call'
railties (5.2.8) lib/rails/rack/logger.rb:38:in `call_app'
railties (5.2.8) lib/rails/rack/logger.rb:26:in `block in call'
activesupport (5.2.8) lib/active_support/tagged_logging.rb:71:in `block in tagged'
activesupport (5.2.8) lib/active_support/tagged_logging.rb:28:in `tagged'
activesupport (5.2.8) lib/active_support/tagged_logging.rb:71:in `tagged'
railties (5.2.8) lib/rails/rack/logger.rb:26:in `call'
sprockets-rails (3.4.2) lib/sprockets/rails/quiet_assets.rb:11:in `block in call'
activesupport (5.2.8) lib/active_support/logger_silence.rb:21:in `silence'
activesupport (5.2.8) lib/active_support/logger.rb:65:in `block (3 levels) in broadcast'
activesupport (5.2.8) lib/active_support/logger_silence.rb:21:in `silence'
activesupport (5.2.8) lib/active_support/logger.rb:63:in `block (2 levels) in broadcast'
sprockets-rails (3.4.2) lib/sprockets/rails/quiet_assets.rb:11:in `call'
actionpack (5.2.8) lib/action_dispatch/middleware/remote_ip.rb:81:in `call'
actionpack (5.2.8) lib/action_dispatch/middleware/request_id.rb:27:in `call'
rack (2.2.3.1) lib/rack/method_override.rb:24:in `call'
rack (2.2.3.1) lib/rack/runtime.rb:22:in `call'
activesupport (5.2.8) lib/active_support/cache/strategy/local_cache_middleware.rb:29:in `call'
actionpack (5.2.8) lib/action_dispatch/middleware/executor.rb:14:in `call'
actionpack (5.2.8) lib/action_dispatch/middleware/static.rb:127:in `call'
rack (2.2.3.1) lib/rack/sendfile.rb:110:in `call'
railties (5.2.8) lib/rails/engine.rb:524:in `call'
puma (3.12.6) lib/puma/configuration.rb:227:in `call'
puma (3.12.6) lib/puma/server.rb:706:in `handle_request'
puma (3.12.6) lib/puma/server.rb:476:in `process_client'
puma (3.12.6) lib/puma/server.rb:334:in `block in run'
puma (3.12.6) lib/puma/thread_pool.rb:135:in `block in spawn_thread'
Started POST "/api/todos" for ::1 at 2022-06-09 20:49:56 -0400
Processing by Api::TodosController#create as JSON
  Parameters: {"todo"=>{"title"=>"todo", "body"=>"todo", "done"=>"false"}}
  [1m[35m (1.2ms)[0m  [1m[35mBEGIN[0m
  ↳ app/controllers/api/todos_controller.rb:14
  [1m[36mTodo Create (1.7ms)[0m  [1m[32mINSERT INTO "todos" ("title", "body", "done", "created_at", "updated_at") VALUES ($1, $2, $3, $4, $5) RETURNING "id"[0m  [["title", "todo"], ["body", "todo"], ["done", false], ["created_at", "2022-06-10 00:49:56.938784"], ["updated_at", "2022-06-10 00:49:56.938784"]]
  ↳ app/controllers/api/todos_controller.rb:14
  [1m[35m (2.6ms)[0m  [1m[35mCOMMIT[0m
  ↳ app/controllers/api/todos_controller.rb:14
Completed 200 OK in 8ms (Views: 0.3ms | ActiveRecord: 5.6ms)


Started GET "/" for ::1 at 2022-06-09 20:55:37 -0400
Processing by StaticPagesController#root as HTML
  Rendering static_pages/root.html.erb within layouts/application
  Rendered static_pages/root.html.erb within layouts/application (1.5ms)
Completed 200 OK in 2455ms (Views: 2441.7ms | ActiveRecord: 0.0ms)


Started POST "/api/todos" for ::1 at 2022-06-09 20:55:53 -0400
Processing by Api::TodosController#create as JSON
  Parameters: {"todo"=>{"title"=>"todo", "body"=>"todo", "done"=>"false"}}
  [1m[35m (1.9ms)[0m  [1m[35mBEGIN[0m
  ↳ app/controllers/api/todos_controller.rb:14
  [1m[36mTodo Create (336.7ms)[0m  [1m[32mINSERT INTO "todos" ("title", "body", "done", "created_at", "updated_at") VALUES ($1, $2, $3, $4, $5) RETURNING "id"[0m  [["title", "todo"], ["body", "todo"], ["done", false], ["created_at", "2022-06-10 00:55:53.677755"], ["updated_at", "2022-06-10 00:55:53.677755"]]
  ↳ app/controllers/api/todos_controller.rb:14
  [1m[35m (5.8ms)[0m  [1m[35mCOMMIT[0m
  ↳ app/controllers/api/todos_controller.rb:14
Completed 200 OK in 352ms (Views: 1.1ms | ActiveRecord: 344.4ms)


Started GET "/" for ::1 at 2022-06-09 20:57:22 -0400
Processing by StaticPagesController#root as HTML
  Rendering static_pages/root.html.erb within layouts/application
  Rendered static_pages/root.html.erb within layouts/application (1.6ms)
Completed 200 OK in 2001ms (Views: 2000.2ms | ActiveRecord: 0.0ms)


Started POST "/api/todos" for ::1 at 2022-06-09 20:57:50 -0400
Processing by Api::TodosController#create as JSON
  Parameters: {"todo"=>{"title"=>"todo", "body"=>"todo", "done"=>"false"}}
  [1m[35m (2.5ms)[0m  [1m[35mBEGIN[0m
  ↳ app/controllers/api/todos_controller.rb:14
  [1m[36mTodo Create (5.8ms)[0m  [1m[32mINSERT INTO "todos" ("title", "body", "done", "created_at", "updated_at") VALUES ($1, $2, $3, $4, $5) RETURNING "id"[0m  [["title", "todo"], ["body", "todo"], ["done", false], ["created_at", "2022-06-10 00:57:50.271959"], ["updated_at", "2022-06-10 00:57:50.271959"]]
  ↳ app/controllers/api/todos_controller.rb:14
  [1m[35m (10.7ms)[0m  [1m[35mCOMMIT[0m
  ↳ app/controllers/api/todos_controller.rb:14
Completed 200 OK in 64ms (Views: 0.9ms | ActiveRecord: 19.0ms)


Started GET "/" for ::1 at 2022-06-09 21:01:06 -0400
Processing by StaticPagesController#root as HTML
  Rendering static_pages/root.html.erb within layouts/application
  Rendered static_pages/root.html.erb within layouts/application (2.0ms)
Completed 200 OK in 2468ms (Views: 2465.8ms | ActiveRecord: 0.0ms)


Started POST "/api/todos" for ::1 at 2022-06-09 21:01:17 -0400
Processing by Api::TodosController#create as JSON
  Parameters: {"todo"=>{"title"=>"todo", "body"=>"todo", "done"=>"false"}}
  [1m[35m (100.0ms)[0m  [1m[35mBEGIN[0m
  ↳ app/controllers/api/todos_controller.rb:14
  [1m[36mTodo Create (21.8ms)[0m  [1m[32mINSERT INTO "todos" ("title", "body", "done", "created_at", "updated_at") VALUES ($1, $2, $3, $4, $5) RETURNING "id"[0m  [["title", "todo"], ["body", "todo"], ["done", false], ["created_at", "2022-06-10 01:01:17.272756"], ["updated_at", "2022-06-10 01:01:17.272756"]]
  ↳ app/controllers/api/todos_controller.rb:14
  [1m[35m (4.8ms)[0m  [1m[35mCOMMIT[0m
  ↳ app/controllers/api/todos_controller.rb:14
Completed 200 OK in 140ms (Views: 1.5ms | ActiveRecord: 126.7ms)


Started GET "/" for ::1 at 2022-06-09 21:04:06 -0400
Processing by StaticPagesController#root as HTML
  Rendering static_pages/root.html.erb within layouts/application
  Rendered static_pages/root.html.erb within layouts/application (2.3ms)
Completed 200 OK in 381ms (Views: 380.2ms | ActiveRecord: 0.0ms)


  
ActionController::RoutingError (No route matches [GET] "/assets/bundle.js-3a31433135bd63b79321c22f9f31f7a5917078ecb9df95c6ee245ee46d613376.map"):
  
actionpack (5.2.8) lib/action_dispatch/middleware/debug_exceptions.rb:65:in `call'
web-console (3.7.0) lib/web_console/middleware.rb:135:in `call_app'
web-console (3.7.0) lib/web_console/middleware.rb:30:in `block in call'
web-console (3.7.0) lib/web_console/middleware.rb:20:in `catch'
web-console (3.7.0) lib/web_console/middleware.rb:20:in `call'
actionpack (5.2.8) lib/action_dispatch/middleware/show_exceptions.rb:33:in `call'
railties (5.2.8) lib/rails/rack/logger.rb:38:in `call_app'
railties (5.2.8) lib/rails/rack/logger.rb:26:in `block in call'
activesupport (5.2.8) lib/active_support/tagged_logging.rb:71:in `block in tagged'
activesupport (5.2.8) lib/active_support/tagged_logging.rb:28:in `tagged'
activesupport (5.2.8) lib/active_support/tagged_logging.rb:71:in `tagged'
railties (5.2.8) lib/rails/rack/logger.rb:26:in `call'
sprockets-rails (3.4.2) lib/sprockets/rails/quiet_assets.rb:11:in `block in call'
activesupport (5.2.8) lib/active_support/logger_silence.rb:21:in `silence'
activesupport (5.2.8) lib/active_support/logger.rb:65:in `block (3 levels) in broadcast'
activesupport (5.2.8) lib/active_support/logger_silence.rb:21:in `silence'
activesupport (5.2.8) lib/active_support/logger.rb:63:in `block (2 levels) in broadcast'
sprockets-rails (3.4.2) lib/sprockets/rails/quiet_assets.rb:11:in `call'
actionpack (5.2.8) lib/action_dispatch/middleware/remote_ip.rb:81:in `call'
actionpack (5.2.8) lib/action_dispatch/middleware/request_id.rb:27:in `call'
rack (2.2.3.1) lib/rack/method_override.rb:24:in `call'
rack (2.2.3.1) lib/rack/runtime.rb:22:in `call'
activesupport (5.2.8) lib/active_support/cache/strategy/local_cache_middleware.rb:29:in `call'
actionpack (5.2.8) lib/action_dispatch/middleware/executor.rb:14:in `call'
actionpack (5.2.8) lib/action_dispatch/middleware/static.rb:127:in `call'
rack (2.2.3.1) lib/rack/sendfile.rb:110:in `call'
railties (5.2.8) lib/rails/engine.rb:524:in `call'
puma (3.12.6) lib/puma/configuration.rb:227:in `call'
puma (3.12.6) lib/puma/server.rb:706:in `handle_request'
puma (3.12.6) lib/puma/server.rb:476:in `process_client'
puma (3.12.6) lib/puma/server.rb:334:in `block in run'
puma (3.12.6) lib/puma/thread_pool.rb:135:in `block in spawn_thread'
Started POST "/api/todos" for ::1 at 2022-06-09 21:04:21 -0400
Processing by Api::TodosController#create as JSON
  Parameters: {"todo"=>{"title"=>"todo", "body"=>"todo", "done"=>"false"}}
  [1m[35m (13.0ms)[0m  [1m[35mBEGIN[0m
  ↳ app/controllers/api/todos_controller.rb:14
  [1m[36mTodo Create (3.6ms)[0m  [1m[32mINSERT INTO "todos" ("title", "body", "done", "created_at", "updated_at") VALUES ($1, $2, $3, $4, $5) RETURNING "id"[0m  [["title", "todo"], ["body", "todo"], ["done", false], ["created_at", "2022-06-10 01:04:21.900618"], ["updated_at", "2022-06-10 01:04:21.900618"]]
  ↳ app/controllers/api/todos_controller.rb:14
  [1m[35m (0.5ms)[0m  [1m[35mCOMMIT[0m
  ↳ app/controllers/api/todos_controller.rb:14
Completed 200 OK in 40ms (Views: 0.8ms | ActiveRecord: 17.0ms)


Started GET "/" for ::1 at 2022-06-09 21:07:00 -0400
Processing by StaticPagesController#root as HTML
  Rendering static_pages/root.html.erb within layouts/application
  Rendered static_pages/root.html.erb within layouts/application (3.1ms)
Completed 200 OK in 3384ms (Views: 3382.3ms | ActiveRecord: 0.0ms)


Started POST "/api/todos" for ::1 at 2022-06-09 21:07:10 -0400
Processing by Api::TodosController#create as JSON
  Parameters: {"todo"=>{"title"=>"todo", "body"=>"todo", "done"=>"false"}}
  [1m[35m (1.2ms)[0m  [1m[35mBEGIN[0m
  ↳ app/controllers/api/todos_controller.rb:14
  [1m[36mTodo Create (111.9ms)[0m  [1m[32mINSERT INTO "todos" ("title", "body", "done", "created_at", "updated_at") VALUES ($1, $2, $3, $4, $5) RETURNING "id"[0m  [["title", "todo"], ["body", "todo"], ["done", false], ["created_at", "2022-06-10 01:07:10.653433"], ["updated_at", "2022-06-10 01:07:10.653433"]]
  ↳ app/controllers/api/todos_controller.rb:14
  [1m[35m (24.8ms)[0m  [1m[35mCOMMIT[0m
  ↳ app/controllers/api/todos_controller.rb:14
Completed 200 OK in 148ms (Views: 0.9ms | ActiveRecord: 137.9ms)


Started POST "/api/todos" for ::1 at 2022-06-09 21:08:05 -0400
Processing by Api::TodosController#create as JSON
  Parameters: {"todo"=>{"title"=>"todos", "body"=>"todo", "done"=>"false"}}
  [1m[35m (1.6ms)[0m  [1m[35mBEGIN[0m
  ↳ app/controllers/api/todos_controller.rb:14
  [1m[36mTodo Create (1.7ms)[0m  [1m[32mINSERT INTO "todos" ("title", "body", "done", "created_at", "updated_at") VALUES ($1, $2, $3, $4, $5) RETURNING "id"[0m  [["title", "todos"], ["body", "todo"], ["done", false], ["created_at", "2022-06-10 01:08:05.432752"], ["updated_at", "2022-06-10 01:08:05.432752"]]
  ↳ app/controllers/api/todos_controller.rb:14
  [1m[35m (6.9ms)[0m  [1m[35mCOMMIT[0m
  ↳ app/controllers/api/todos_controller.rb:14
Completed 200 OK in 13ms (Views: 0.3ms | ActiveRecord: 10.2ms)


Started GET "/" for ::1 at 2022-06-09 21:08:52 -0400
Processing by StaticPagesController#root as HTML
  Rendering static_pages/root.html.erb within layouts/application
  Rendered static_pages/root.html.erb within layouts/application (2.3ms)
Completed 200 OK in 3623ms (Views: 3617.8ms | ActiveRecord: 0.0ms)


Started POST "/api/todos" for ::1 at 2022-06-09 21:09:03 -0400
Processing by Api::TodosController#create as JSON
  Parameters: {"todo"=>{"title"=>"todo", "body"=>"todo", "done"=>"false"}}
  [1m[35m (1.1ms)[0m  [1m[35mBEGIN[0m
  ↳ app/controllers/api/todos_controller.rb:14
  [1m[36mTodo Create (0.4ms)[0m  [1m[32mINSERT INTO "todos" ("title", "body", "done", "created_at", "updated_at") VALUES ($1, $2, $3, $4, $5) RETURNING "id"[0m  [["title", "todo"], ["body", "todo"], ["done", false], ["created_at", "2022-06-10 01:09:04.199522"], ["updated_at", "2022-06-10 01:09:04.199522"]]
  ↳ app/controllers/api/todos_controller.rb:14
  [1m[35m (8.1ms)[0m  [1m[35mCOMMIT[0m
  ↳ app/controllers/api/todos_controller.rb:14
Completed 200 OK in 15ms (Views: 0.4ms | ActiveRecord: 9.5ms)


Started GET "/" for ::1 at 2022-06-09 21:10:24 -0400
Processing by StaticPagesController#root as HTML
  Rendering static_pages/root.html.erb within layouts/application
  Rendered static_pages/root.html.erb within layouts/application (2.9ms)
Completed 200 OK in 3760ms (Views: 3759.0ms | ActiveRecord: 0.0ms)


Started POST "/api/todos" for ::1 at 2022-06-09 21:10:42 -0400
Processing by Api::TodosController#create as JSON
  Parameters: {"todo"=>{"title"=>"todo", "body"=>"todo", "done"=>"false"}}
  [1m[35m (7.5ms)[0m  [1m[35mBEGIN[0m
  ↳ app/controllers/api/todos_controller.rb:14
  [1m[36mTodo Create (10.9ms)[0m  [1m[32mINSERT INTO "todos" ("title", "body", "done", "created_at", "updated_at") VALUES ($1, $2, $3, $4, $5) RETURNING "id"[0m  [["title", "todo"], ["body", "todo"], ["done", false], ["created_at", "2022-06-10 01:10:42.601618"], ["updated_at", "2022-06-10 01:10:42.601618"]]
  ↳ app/controllers/api/todos_controller.rb:14
  [1m[35m (9.9ms)[0m  [1m[35mCOMMIT[0m
  ↳ app/controllers/api/todos_controller.rb:14
Completed 200 OK in 42ms (Views: 0.7ms | ActiveRecord: 28.3ms)


Started POST "/api/todos" for ::1 at 2022-06-09 21:22:13 -0400
Processing by Api::TodosController#create as JSON
  Parameters: {"todo"=>{"title"=>"todo", "body"=>"todo", "done"=>"false"}}
  [1m[35m (13.6ms)[0m  [1m[35mBEGIN[0m
  ↳ app/controllers/api/todos_controller.rb:14
  [1m[36mTodo Create (44.5ms)[0m  [1m[32mINSERT INTO "todos" ("title", "body", "done", "created_at", "updated_at") VALUES ($1, $2, $3, $4, $5) RETURNING "id"[0m  [["title", "todo"], ["body", "todo"], ["done", false], ["created_at", "2022-06-10 01:22:15.880203"], ["updated_at", "2022-06-10 01:22:15.880203"]]
  ↳ app/controllers/api/todos_controller.rb:14
  [1m[35m (5.5ms)[0m  [1m[35mCOMMIT[0m
  ↳ app/controllers/api/todos_controller.rb:14
Completed 200 OK in 191ms (Views: 26.5ms | ActiveRecord: 63.6ms)


Started GET "/api/todos" for ::1 at 2022-06-09 21:31:09 -0400
Processing by Api::TodosController#index as JSON
  [1m[36mTodo Load (15.4ms)[0m  [1m[34mSELECT "todos".* FROM "todos"[0m
  ↳ app/controllers/api/todos_controller.rb:8
Completed 200 OK in 473ms (Views: 450.2ms | ActiveRecord: 15.4ms)


Started GET "/" for ::1 at 2022-06-09 21:31:31 -0400
Processing by StaticPagesController#root as HTML
  Rendering static_pages/root.html.erb within layouts/application
  Rendered static_pages/root.html.erb within layouts/application (1.3ms)
Completed 200 OK in 70ms (Views: 69.6ms | ActiveRecord: 0.0ms)


Started GET "/api/todos" for ::1 at 2022-06-09 21:34:30 -0400
Processing by Api::TodosController#index as JSON
  [1m[36mTodo Load (4.8ms)[0m  [1m[34mSELECT "todos".* FROM "todos"[0m
  ↳ app/controllers/api/todos_controller.rb:8
Completed 200 OK in 9ms (Views: 4.1ms | ActiveRecord: 4.8ms)


Started GET "/api/todos" for ::1 at 2022-06-09 21:35:00 -0400
Processing by Api::TodosController#index as JSON
  [1m[36mTodo Load (114.3ms)[0m  [1m[34mSELECT "todos".* FROM "todos"[0m
  ↳ app/controllers/api/todos_controller.rb:8
Completed 200 OK in 118ms (Views: 3.0ms | ActiveRecord: 114.3ms)


Started POST "/api/todos" for ::1 at 2022-06-09 21:37:23 -0400
Processing by Api::TodosController#create as JSON
  Parameters: {"todo"=>{"title"=>"hello", "body"=>"hi", "done"=>"false"}}
  [1m[35m (0.9ms)[0m  [1m[35mBEGIN[0m
  ↳ app/controllers/api/todos_controller.rb:14
  [1m[36mTodo Create (3.2ms)[0m  [1m[32mINSERT INTO "todos" ("title", "body", "done", "created_at", "updated_at") VALUES ($1, $2, $3, $4, $5) RETURNING "id"[0m  [["title", "hello"], ["body", "hi"], ["done", false], ["created_at", "2022-06-10 01:37:23.970946"], ["updated_at", "2022-06-10 01:37:23.970946"]]
  ↳ app/controllers/api/todos_controller.rb:14
  [1m[35m (4.8ms)[0m  [1m[35mCOMMIT[0m
  ↳ app/controllers/api/todos_controller.rb:14
Completed 200 OK in 17ms (Views: 0.3ms | ActiveRecord: 9.0ms)


Started GET "/" for ::1 at 2022-06-09 21:40:00 -0400
Processing by StaticPagesController#root as HTML
  Rendering static_pages/root.html.erb within layouts/application
  Rendered static_pages/root.html.erb within layouts/application (84.2ms)
Completed 200 OK in 6716ms (Views: 6714.7ms | ActiveRecord: 0.0ms)


Started POST "/api/todos" for ::1 at 2022-06-09 21:40:24 -0400
Processing by Api::TodosController#create as JSON
  Parameters: {"todo"=>{"title"=>"jdsafasdh", "body"=>"fdsjhfdskjfh", "done"=>"false"}}
  [1m[35m (9.5ms)[0m  [1m[35mBEGIN[0m
  ↳ app/controllers/api/todos_controller.rb:14
  [1m[36mTodo Create (21.1ms)[0m  [1m[32mINSERT INTO "todos" ("title", "body", "done", "created_at", "updated_at") VALUES ($1, $2, $3, $4, $5) RETURNING "id"[0m  [["title", "jdsafasdh"], ["body", "fdsjhfdskjfh"], ["done", false], ["created_at", "2022-06-10 01:40:24.537555"], ["updated_at", "2022-06-10 01:40:24.537555"]]
  ↳ app/controllers/api/todos_controller.rb:14
  [1m[35m (4.6ms)[0m  [1m[35mCOMMIT[0m
  ↳ app/controllers/api/todos_controller.rb:14
Completed 200 OK in 46ms (Views: 0.7ms | ActiveRecord: 35.2ms)


Started GET "/api/todos" for ::1 at 2022-06-09 21:41:26 -0400
Processing by Api::TodosController#index as JSON
  [1m[36mTodo Load (17.8ms)[0m  [1m[34mSELECT "todos".* FROM "todos"[0m
  ↳ app/controllers/api/todos_controller.rb:8
Completed 200 OK in 22ms (Views: 4.2ms | ActiveRecord: 17.8ms)


Started GET "/" for ::1 at 2022-06-09 21:41:36 -0400
Processing by StaticPagesController#root as HTML
  Rendering static_pages/root.html.erb within layouts/application
  Rendered static_pages/root.html.erb within layouts/application (2.5ms)
Completed 200 OK in 63ms (Views: 62.5ms | ActiveRecord: 0.0ms)


Started GET "/" for ::1 at 2022-06-09 21:41:38 -0400
Processing by StaticPagesController#root as HTML
  Rendering static_pages/root.html.erb within layouts/application
  Rendered static_pages/root.html.erb within layouts/application (1.4ms)
Completed 200 OK in 50ms (Views: 49.9ms | ActiveRecord: 0.0ms)


Started POST "/api/todos" for ::1 at 2022-06-09 21:42:27 -0400
Processing by Api::TodosController#create as JSON
  Parameters: {"todo"=>{"title"=>"button", "body"=>"broken", "done"=>"false"}}
  [1m[35m (0.6ms)[0m  [1m[35mBEGIN[0m
  ↳ app/controllers/api/todos_controller.rb:14
  [1m[36mTodo Create (27.7ms)[0m  [1m[32mINSERT INTO "todos" ("title", "body", "done", "created_at", "updated_at") VALUES ($1, $2, $3, $4, $5) RETURNING "id"[0m  [["title", "button"], ["body", "broken"], ["done", false], ["created_at", "2022-06-10 01:42:27.226491"], ["updated_at", "2022-06-10 01:42:27.226491"]]
  ↳ app/controllers/api/todos_controller.rb:14
  [1m[35m (1.5ms)[0m  [1m[35mCOMMIT[0m
  ↳ app/controllers/api/todos_controller.rb:14
Completed 200 OK in 34ms (Views: 0.3ms | ActiveRecord: 29.9ms)


Started GET "/" for ::1 at 2022-06-10 09:37:35 -0400
  [1m[35m (2.8ms)[0m  [1m[34mSELECT "schema_migrations"."version" FROM "schema_migrations" ORDER BY "schema_migrations"."version" ASC[0m
  ↳ /Users/mc/.rbenv/versions/2.5.1/lib/ruby/gems/2.5.0/gems/activerecord-5.2.8/lib/active_record/log_subscriber.rb:98
Processing by StaticPagesController#root as HTML
  Rendering static_pages/root.html.erb within layouts/application
  Rendered static_pages/root.html.erb within layouts/application (6.3ms)
Completed 200 OK in 2146ms (Views: 2145.9ms | ActiveRecord: 0.0ms)


Started POST "/api/todos" for ::1 at 2022-06-10 09:37:46 -0400
Processing by Api::TodosController#create as JSON
  Parameters: {"todo"=>{"title"=>"yo ", "body"=>"lfg", "done"=>"false"}}
  [1m[35m (0.4ms)[0m  [1m[35mBEGIN[0m
  ↳ app/controllers/api/todos_controller.rb:14
  [1m[36mTodo Create (25.4ms)[0m  [1m[32mINSERT INTO "todos" ("title", "body", "done", "created_at", "updated_at") VALUES ($1, $2, $3, $4, $5) RETURNING "id"[0m  [["title", "yo "], ["body", "lfg"], ["done", false], ["created_at", "2022-06-10 13:37:46.703251"], ["updated_at", "2022-06-10 13:37:46.703251"]]
  ↳ app/controllers/api/todos_controller.rb:14
  [1m[35m (1.2ms)[0m  [1m[35mCOMMIT[0m
  ↳ app/controllers/api/todos_controller.rb:14
Completed 200 OK in 189ms (Views: 0.4ms | ActiveRecord: 170.0ms)


Started GET "/" for ::1 at 2022-06-10 09:37:50 -0400
Processing by StaticPagesController#root as HTML
  Rendering static_pages/root.html.erb within layouts/application
  Rendered static_pages/root.html.erb within layouts/application (0.2ms)
Completed 200 OK in 78ms (Views: 77.1ms | ActiveRecord: 0.0ms)


Started POST "/api/todos" for ::1 at 2022-06-10 09:37:56 -0400
Processing by Api::TodosController#create as JSON
  Parameters: {"todo"=>{"title"=>"oh no", "body"=>"fuck", "done"=>"false"}}
  [1m[35m (1.0ms)[0m  [1m[35mBEGIN[0m
  ↳ app/controllers/api/todos_controller.rb:14
  [1m[36mTodo Create (7.0ms)[0m  [1m[32mINSERT INTO "todos" ("title", "body", "done", "created_at", "updated_at") VALUES ($1, $2, $3, $4, $5) RETURNING "id"[0m  [["title", "oh no"], ["body", "fuck"], ["done", false], ["created_at", "2022-06-10 13:37:56.612264"], ["updated_at", "2022-06-10 13:37:56.612264"]]
  ↳ app/controllers/api/todos_controller.rb:14
  [1m[35m (81.7ms)[0m  [1m[35mCOMMIT[0m
  ↳ app/controllers/api/todos_controller.rb:14
Completed 200 OK in 93ms (Views: 0.3ms | ActiveRecord: 89.7ms)


Started GET "/" for ::1 at 2022-06-10 09:42:28 -0400
Processing by StaticPagesController#root as HTML
  Rendering static_pages/root.html.erb within layouts/application
  Rendered static_pages/root.html.erb within layouts/application (2.0ms)
Completed 200 OK in 559ms (Views: 557.8ms | ActiveRecord: 0.0ms)


Started POST "/api/todos" for ::1 at 2022-06-10 09:42:38 -0400
Processing by Api::TodosController#create as JSON
  Parameters: {"todo"=>{"title"=>"do it work", "body"=>"PLS", "done"=>"false"}}
  [1m[35m (6.0ms)[0m  [1m[35mBEGIN[0m
  ↳ app/controllers/api/todos_controller.rb:14
  [1m[36mTodo Create (9.0ms)[0m  [1m[32mINSERT INTO "todos" ("title", "body", "done", "created_at", "updated_at") VALUES ($1, $2, $3, $4, $5) RETURNING "id"[0m  [["title", "do it work"], ["body", "PLS"], ["done", false], ["created_at", "2022-06-10 13:42:38.567051"], ["updated_at", "2022-06-10 13:42:38.567051"]]
  ↳ app/controllers/api/todos_controller.rb:14
  [1m[35m (7.6ms)[0m  [1m[35mCOMMIT[0m
  ↳ app/controllers/api/todos_controller.rb:14
Completed 200 OK in 33ms (Views: 0.7ms | ActiveRecord: 22.6ms)


Started POST "/api/todos" for ::1 at 2022-06-10 09:43:18 -0400
Processing by Api::TodosController#create as JSON
  Parameters: {"todo"=>{"title"=>"do it work", "body"=>"PLS", "done"=>"false"}}
  [1m[35m (19.5ms)[0m  [1m[35mBEGIN[0m
  ↳ app/controllers/api/todos_controller.rb:14
  [1m[36mTodo Create (0.8ms)[0m  [1m[32mINSERT INTO "todos" ("title", "body", "done", "created_at", "updated_at") VALUES ($1, $2, $3, $4, $5) RETURNING "id"[0m  [["title", "do it work"], ["body", "PLS"], ["done", false], ["created_at", "2022-06-10 13:43:18.955866"], ["updated_at", "2022-06-10 13:43:18.955866"]]
  ↳ app/controllers/api/todos_controller.rb:14
  [1m[35m (1.7ms)[0m  [1m[35mCOMMIT[0m
  ↳ app/controllers/api/todos_controller.rb:14
Completed 200 OK in 25ms (Views: 0.3ms | ActiveRecord: 21.9ms)


Started POST "/api/todos" for ::1 at 2022-06-10 09:45:12 -0400
Processing by Api::TodosController#create as JSON
  Parameters: {"todo"=>{"title"=>"ayo", "body"=>"ima dog", "done"=>"false"}}
  [1m[35m (0.1ms)[0m  [1m[35mBEGIN[0m
  ↳ app/controllers/api/todos_controller.rb:14
  [1m[36mTodo Create (3.8ms)[0m  [1m[32mINSERT INTO "todos" ("title", "body", "done", "created_at", "updated_at") VALUES ($1, $2, $3, $4, $5) RETURNING "id"[0m  [["title", "ayo"], ["body", "ima dog"], ["done", false], ["created_at", "2022-06-10 13:45:12.849642"], ["updated_at", "2022-06-10 13:45:12.849642"]]
  ↳ app/controllers/api/todos_controller.rb:14
  [1m[35m (2.2ms)[0m  [1m[35mCOMMIT[0m
  ↳ app/controllers/api/todos_controller.rb:14
Completed 200 OK in 9ms (Views: 0.3ms | ActiveRecord: 6.1ms)


Started GET "/" for ::1 at 2022-06-10 09:45:22 -0400
Processing by StaticPagesController#root as HTML
  Rendering static_pages/root.html.erb within layouts/application
  Rendered static_pages/root.html.erb within layouts/application (0.3ms)
Completed 200 OK in 772ms (Views: 772.3ms | ActiveRecord: 0.0ms)


Started POST "/api/todos" for ::1 at 2022-06-10 09:45:30 -0400
Processing by Api::TodosController#create as JSON
  Parameters: {"todo"=>{"title"=>"imadog", "body"=>"yo", "done"=>"false"}}
  [1m[35m (0.3ms)[0m  [1m[35mBEGIN[0m
  ↳ app/controllers/api/todos_controller.rb:14
  [1m[36mTodo Create (3.0ms)[0m  [1m[32mINSERT INTO "todos" ("title", "body", "done", "created_at", "updated_at") VALUES ($1, $2, $3, $4, $5) RETURNING "id"[0m  [["title", "imadog"], ["body", "yo"], ["done", false], ["created_at", "2022-06-10 13:45:30.732802"], ["updated_at", "2022-06-10 13:45:30.732802"]]
  ↳ app/controllers/api/todos_controller.rb:14
  [1m[35m (1.8ms)[0m  [1m[35mCOMMIT[0m
  ↳ app/controllers/api/todos_controller.rb:14
Completed 200 OK in 8ms (Views: 0.4ms | ActiveRecord: 5.2ms)


Started GET "/" for ::1 at 2022-06-10 09:47:32 -0400
Processing by StaticPagesController#root as HTML
  Rendering static_pages/root.html.erb within layouts/application
  Rendered static_pages/root.html.erb within layouts/application (0.3ms)
Completed 200 OK in 653ms (Views: 652.7ms | ActiveRecord: 0.0ms)


Started POST "/api/todos" for ::1 at 2022-06-10 09:47:41 -0400
Processing by Api::TodosController#create as JSON
  Parameters: {"todo"=>{"title"=>"SO CLOSE", "body"=>"LETS GO", "done"=>"false"}}
  [1m[35m (8.9ms)[0m  [1m[35mBEGIN[0m
  ↳ app/controllers/api/todos_controller.rb:14
  [1m[36mTodo Create (4.1ms)[0m  [1m[32mINSERT INTO "todos" ("title", "body", "done", "created_at", "updated_at") VALUES ($1, $2, $3, $4, $5) RETURNING "id"[0m  [["title", "SO CLOSE"], ["body", "LETS GO"], ["done", false], ["created_at", "2022-06-10 13:47:41.870082"], ["updated_at", "2022-06-10 13:47:41.870082"]]
  ↳ app/controllers/api/todos_controller.rb:14
  [1m[35m (11.9ms)[0m  [1m[35mCOMMIT[0m
  ↳ app/controllers/api/todos_controller.rb:14
Completed 200 OK in 32ms (Views: 0.8ms | ActiveRecord: 25.0ms)


Started GET "/" for ::1 at 2022-06-10 09:49:00 -0400
Processing by StaticPagesController#root as HTML
  Rendering static_pages/root.html.erb within layouts/application
  Rendered static_pages/root.html.erb within layouts/application (0.3ms)
Completed 200 OK in 639ms (Views: 639.1ms | ActiveRecord: 0.0ms)


Started POST "/api/todos" for ::1 at 2022-06-10 09:49:11 -0400
Processing by Api::TodosController#create as JSON
  Parameters: {"todo"=>{"title"=>"PLS", "body"=>"WORK", "done"=>"false"}}
  [1m[35m (1.4ms)[0m  [1m[35mBEGIN[0m
  ↳ app/controllers/api/todos_controller.rb:14
  [1m[36mTodo Create (1.8ms)[0m  [1m[32mINSERT INTO "todos" ("title", "body", "done", "created_at", "updated_at") VALUES ($1, $2, $3, $4, $5) RETURNING "id"[0m  [["title", "PLS"], ["body", "WORK"], ["done", false], ["created_at", "2022-06-10 13:49:11.941182"], ["updated_at", "2022-06-10 13:49:11.941182"]]
  ↳ app/controllers/api/todos_controller.rb:14
  [1m[35m (0.6ms)[0m  [1m[35mCOMMIT[0m
  ↳ app/controllers/api/todos_controller.rb:14
Completed 200 OK in 8ms (Views: 0.3ms | ActiveRecord: 3.8ms)


Started GET "/" for ::1 at 2022-06-10 09:50:52 -0400
Processing by StaticPagesController#root as HTML
  Rendering static_pages/root.html.erb within layouts/application
  Rendered static_pages/root.html.erb within layouts/application (0.3ms)
Completed 200 OK in 712ms (Views: 712.2ms | ActiveRecord: 0.0ms)


Started GET "/" for ::1 at 2022-06-10 09:52:34 -0400
Processing by StaticPagesController#root as HTML
  Rendering static_pages/root.html.erb within layouts/application
  Rendered static_pages/root.html.erb within layouts/application (0.5ms)
Completed 200 OK in 681ms (Views: 681.2ms | ActiveRecord: 0.0ms)


Started POST "/api/todos" for ::1 at 2022-06-10 09:53:05 -0400
Processing by Api::TodosController#create as JSON
  Parameters: {"todo"=>{"title"=>"hfdsbfshd", "body"=>"fdsjnfdjsfn", "done"=>"false"}}
  [1m[35m (0.6ms)[0m  [1m[35mBEGIN[0m
  ↳ app/controllers/api/todos_controller.rb:14
  [1m[36mTodo Create (5.9ms)[0m  [1m[32mINSERT INTO "todos" ("title", "body", "done", "created_at", "updated_at") VALUES ($1, $2, $3, $4, $5) RETURNING "id"[0m  [["title", "hfdsbfshd"], ["body", "fdsjnfdjsfn"], ["done", false], ["created_at", "2022-06-10 13:53:05.220993"], ["updated_at", "2022-06-10 13:53:05.220993"]]
  ↳ app/controllers/api/todos_controller.rb:14
  [1m[35m (0.9ms)[0m  [1m[35mCOMMIT[0m
  ↳ app/controllers/api/todos_controller.rb:14
Completed 200 OK in 16ms (Views: 0.8ms | ActiveRecord: 7.4ms)


Started GET "/" for ::1 at 2022-06-10 10:08:48 -0400
Processing by StaticPagesController#root as HTML
  Rendering static_pages/root.html.erb within layouts/application
  Rendered static_pages/root.html.erb within layouts/application (1.4ms)
Completed 200 OK in 757ms (Views: 756.8ms | ActiveRecord: 0.0ms)


Started POST "/api/todos" for ::1 at 2022-06-10 10:08:56 -0400
Processing by Api::TodosController#create as JSON
  Parameters: {"todo"=>{"title"=>"toe", "body"=>"doe", "done"=>"false"}}
  [1m[35m (0.1ms)[0m  [1m[35mBEGIN[0m
  ↳ app/controllers/api/todos_controller.rb:14
  [1m[36mTodo Create (4.9ms)[0m  [1m[32mINSERT INTO "todos" ("title", "body", "done", "created_at", "updated_at") VALUES ($1, $2, $3, $4, $5) RETURNING "id"[0m  [["title", "toe"], ["body", "doe"], ["done", false], ["created_at", "2022-06-10 14:08:56.168986"], ["updated_at", "2022-06-10 14:08:56.168986"]]
  ↳ app/controllers/api/todos_controller.rb:14
  [1m[35m (5.8ms)[0m  [1m[35mCOMMIT[0m
  ↳ app/controllers/api/todos_controller.rb:14
Completed 200 OK in 15ms (Views: 0.6ms | ActiveRecord: 10.8ms)


Started GET "/" for ::1 at 2022-06-10 10:14:10 -0400
Processing by StaticPagesController#root as HTML
  Rendering static_pages/root.html.erb within layouts/application
  Rendered static_pages/root.html.erb within layouts/application (1.4ms)
Completed 200 OK in 660ms (Views: 658.6ms | ActiveRecord: 0.0ms)


Started POST "/api/todos" for ::1 at 2022-06-10 10:14:23 -0400
Processing by Api::TodosController#create as JSON
  Parameters: {"todo"=>{"title"=>"toe", "body"=>"doe", "done"=>"false"}}
  [1m[35m (2.8ms)[0m  [1m[35mBEGIN[0m
  ↳ app/controllers/api/todos_controller.rb:14
  [1m[36mTodo Create (0.7ms)[0m  [1m[32mINSERT INTO "todos" ("title", "body", "done", "created_at", "updated_at") VALUES ($1, $2, $3, $4, $5) RETURNING "id"[0m  [["title", "toe"], ["body", "doe"], ["done", false], ["created_at", "2022-06-10 14:14:23.559610"], ["updated_at", "2022-06-10 14:14:23.559610"]]
  ↳ app/controllers/api/todos_controller.rb:14
  [1m[35m (1.0ms)[0m  [1m[35mCOMMIT[0m
  ↳ app/controllers/api/todos_controller.rb:14
Completed 200 OK in 8ms (Views: 0.3ms | ActiveRecord: 4.5ms)


